['VICI', 'WPC', 'STOR', 'SRC', 'PSB', 'PSB-PX', 'PSB-PY', 'SRC-PA', 'BNL', 'DBRG', 'EPRT', 'SAFE', 'AAT', 'ESRT', 'UE', 'APTS', 'GNL-PA', 'ALEX', 'GNL', 'STAR', 'AHH-PA', 'AHH', 'BRSP', 'RTL', 'STAR-PG', 'STAR-PD', 'STAR-PI', 'GOOD', 'GOODO', 'OLP', 'CTO', 'CORR-PA', 'MDV', 'GNL-PB', 'RTLPP', 'RTLPO', 'MDV-PA', 'DBRG-PH', 'PSB-PZ', 'GOODN', 'CTO-PA', 'DBRG-PI', 'DBRG-PJ']
1008
1259
1259
1259
1259
1084
1028
1073
326
1259
890
1141
1259
1259
1259
1259
1088
1259
1259
1259
646
1259
987
871
1259
1259
1259
1259
135
1259
1259
1259
1259
531
702
263
74
1259
551
572
129
1160
1083
                 VICI        WPC       STOR  ...     PSB-PZ    DBRG-PI    DBRG-PJ
2019-10-25 2366.0000% 9173.9998% 3888.9999%  ... 2518.0000% 2385.0000% 2390.0000%
2019-10-28 2377.0000% 9130.0003% 3909.9998%  ... 2507.0000% 2396.9999% 2390.0000%
2019-10-29 2374.0000% 9159.9998% 3929.0001%  ... 2495.9999% 2396.9999% 2395.9999%
2019-10-30 2399.0000% 9218.0000% 3993.0000%  ... 2500.0000% 2403.0001% 2399.0000%
2019-10-31 2354.9999% 9205.9998% 4050.0000%  ... 2490.0000% 2379.9999% 2378.0001%
...               ...        ...        ...  ...        ...        ...        ...
2021-12-27 2928.0001% 8198.0003% 3477.9999%  ... 2657.5001% 2569.0001% 2607.0000%
2021-12-28 2923.0000% 8248.9998% 3461.0001%  ... 2660.0000% 2575.0000% 2616.0000%
2021-12-29 2945.0001% 8305.0003% 3482.0000%  ... 2670.9999% 2578.0001% 2620.0001%
2021-12-30 2994.0001% 8198.9998% 3466.9998%  ... 2668.7401% 2581.5001% 2629.9999%
2021-12-31 3011.0001% 8205.0003% 3440.0002%  ... 2705.9999% 2611.0001% 2636.0001%

[551 rows x 28 columns]
0.342
0.1984
0.5335
0.4284
0.4564
3.2849
0.875
0.4019
0.4357
0.4803
0.7802
1.0926
0.9286
-0.1533
1.0319
0.6211
0.4182
0.1402
0.2791
1.1477
0.9227
0.4118
0.4118
0.2902
0.2768
0.0646
0.2745
0.2839
['ALEX', 'STAR', 'APTS', 'OLP', 'DBRG']
Traceback (most recent call last):
  File "/home/simonlesflex/PythonProjects/REITStrategy/REITStrategy.py", line 78, in <module>
    TargetEQW = PortfolioOptimizeMV(TargetEQ, G_RISKMODEL)
  File "/home/simonlesflex/PythonProjects/REITStrategy/PortfolioOptimize.py", line 92, in PortfolioOptimizeMV
    display(Y.head())
NameError: name 'display' is not defined
['VICI', 'WPC', 'STOR', 'SRC', 'PSB', 'PSB-PX', 'PSB-PY', 'SRC-PA', 'BNL', 'DBRG', 'EPRT', 'SAFE', 'AAT', 'ESRT', 'UE', 'APTS', 'GNL-PA', 'ALEX', 'GNL', 'STAR', 'AHH', 'AHH-PA', 'BRSP', 'RTL', 'STAR-PG', 'STAR-PD', 'STAR-PI', 'GOOD', 'GOODO', 'OLP', 'CTO', 'CORR-PA', 'MDV', 'RTLPO', 'GNL-PB', 'RTLPP', 'MDV-PA', 'DBRG-PH', 'GOODN', 'PSB-PZ', 'CTO-PA', 'DBRG-PI', 'DBRG-PJ']
1008
1259
1259
1259
1259
1084
1028
1073
326
1259
890
1141
1259
1259
1259
1259
1088
1259
1259
1259
1259
646
987
871
1259
1259
1259
1259
135
1259
1259
1259
1259
263
531
702
74
1259
572
551
129
1160
1083
                 VICI        WPC       STOR  ...     PSB-PZ    DBRG-PI    DBRG-PJ
2019-10-25 2366.0000% 9173.9998% 3888.9999%  ... 2518.0000% 2385.0000% 2390.0000%
2019-10-28 2377.0000% 9130.0003% 3909.9998%  ... 2507.0000% 2396.9999% 2390.0000%
2019-10-29 2374.0000% 9159.9998% 3929.0001%  ... 2495.9999% 2396.9999% 2395.9999%
2019-10-30 2399.0000% 9218.0000% 3993.0000%  ... 2500.0000% 2403.0001% 2399.0000%
2019-10-31 2354.9999% 9205.9998% 4050.0000%  ... 2490.0000% 2379.9999% 2378.0001%
...               ...        ...        ...  ...        ...        ...        ...
2021-12-27 2928.0001% 8198.0003% 3477.9999%  ... 2657.5001% 2569.0001% 2607.0000%
2021-12-28 2923.0000% 8248.9998% 3461.0001%  ... 2660.0000% 2575.0000% 2616.0000%
2021-12-29 2945.0001% 8305.0003% 3482.0000%  ... 2670.9999% 2578.0001% 2620.0001%
2021-12-30 2994.0001% 8198.9998% 3466.9998%  ... 2668.7401% 2581.5001% 2629.9999%
2021-12-31 3011.0001% 8205.0003% 3440.0002%  ... 2705.9999% 2611.0001% 2636.0001%

[551 rows x 28 columns]
0.342
0.1984
0.5335
0.4284
0.4564
3.2849
0.875
0.4019
0.4357
0.4803
0.7802
1.0926
0.9286
-0.1533
1.0319
0.6211
0.4182
0.1402
0.2791
1.1477
0.9227
0.4118
0.4118
0.2902
0.2768
0.0646
0.2745
0.2839
['ALEX', 'STAR', 'APTS', 'OLP', 'DBRG']
Traceback (most recent call last):
  File "/home/simonlesflex/PythonProjects/REITStrategy/REITStrategy.py", line 78, in <module>
    TargetEQW = PortfolioOptimizeMV(TargetEQ, G_RISKMODEL)
  File "/home/simonlesflex/PythonProjects/REITStrategy/PortfolioOptimize.py", line 92, in PortfolioOptimizeMV
    display(Y.head())
NameError: name 'display' is not defined
['VICI', 'WPC', 'STOR', 'SRC', 'PSB', 'PSB-PY', 'PSB-PX', 'SRC-PA', 'BNL', 'DBRG', 'EPRT', 'SAFE', 'AAT', 'ESRT', 'UE', 'APTS', 'ALEX', 'GNL-PA', 'GNL', 'STAR', 'AHH', 'AHH-PA', 'BRSP', 'RTL', 'STAR-PG', 'STAR-PD', 'STAR-PI', 'GOOD', 'GOODO', 'OLP', 'CTO', 'CORR-PA', 'MDV', 'RTLPP', 'RTLPO', 'GNL-PB', 'MDV-PA', 'DBRG-PH', 'GOODN', 'PSB-PZ', 'DBRG-PI', 'CTO-PA', 'DBRG-PJ']
1008
1259
1259
1259
1259
1028
1084
1073
326
1259
890
1141
1259
1259
1259
1259
1259
1088
1259
1259
1259
646
987
871
1259
1259
1259
1259
135
1259
1259
1259
1259
702
263
531
74
1259
572
551
1160
129
1083
                 VICI        WPC       STOR  ...     PSB-PZ    DBRG-PI    DBRG-PJ
2019-10-25 2366.0000% 9173.9998% 3888.9999%  ... 2518.0000% 2385.0000% 2390.0000%
2019-10-28 2377.0000% 9130.0003% 3909.9998%  ... 2507.0000% 2396.9999% 2390.0000%
2019-10-29 2374.0000% 9159.9998% 3929.0001%  ... 2495.9999% 2396.9999% 2395.9999%
2019-10-30 2399.0000% 9218.0000% 3993.0000%  ... 2500.0000% 2403.0001% 2399.0000%
2019-10-31 2354.9999% 9205.9998% 4050.0000%  ... 2490.0000% 2379.9999% 2378.0001%
...               ...        ...        ...  ...        ...        ...        ...
2021-12-27 2928.0001% 8198.0003% 3477.9999%  ... 2657.5001% 2569.0001% 2607.0000%
2021-12-28 2923.0000% 8248.9998% 3461.0001%  ... 2660.0000% 2575.0000% 2616.0000%
2021-12-29 2945.0001% 8305.0003% 3482.0000%  ... 2670.9999% 2578.0001% 2620.0001%
2021-12-30 2994.0001% 8198.9998% 3466.9998%  ... 2668.7401% 2581.5001% 2629.9999%
2021-12-31 3011.0001% 8205.0003% 3440.0002%  ... 2705.9999% 2611.0001% 2636.0001%

[551 rows x 28 columns]
0.342
0.1984
0.5335
0.4284
0.4564
3.2849
0.875
0.4019
0.4357
0.4803
0.7802
1.0926
0.9286
-0.1533
1.0319
0.6211
0.4182
0.1402
0.2791
1.1477
0.9227
0.4118
0.4118
0.2902
0.2768
0.0646
0.2745
0.2839
['ALEX', 'STAR', 'APTS', 'OLP', 'DBRG']
Traceback (most recent call last):
  File "/home/simonlesflex/PythonProjects/REITStrategy/REITStrategy.py", line 78, in <module>
    TargetEQW = PortfolioOptimizeMV(TargetEQ, G_RISKMODEL)
  File "/home/simonlesflex/PythonProjects/REITStrategy/PortfolioOptimize.py", line 92, in PortfolioOptimizeMV
    display(Y.head())
NameError: name 'display' is not defined
['VICI', 'WPC', 'STOR', 'SRC', 'PSB', 'PSB-PY', 'PSB-PX', 'DBRG', 'SRC-PA', 'BNL', 'EPRT', 'SAFE', 'AAT', 'UE', 'ESRT', 'APTS', 'ALEX', 'GNL-PA', 'GNL', 'STAR', 'AHH', 'BRSP', 'AHH-PA', 'RTL', 'GOOD', 'STAR-PG', 'STAR-PD', 'STAR-PI', 'GOODO', 'OLP', 'CTO', 'CORR-PA', 'MDV', 'GNL-PB', 'RTLPO', 'RTLPP', 'MDV-PA', 'DBRG-PH', 'PSB-PZ', 'GOODN', 'CTO-PA', 'DBRG-PI', 'DBRG-PJ']
1008
1259
1259
1259
1259
1028
1084
1259
1073
326
890
1141
1259
1259
1259
1259
1259
1088
1259
1259
1259
987
646
871
1259
1259
1259
1259
135
1259
1259
1259
1259
531
263
702
74
1259
551
572
129
1160
1083
                 VICI        WPC       STOR  ...     PSB-PZ    DBRG-PI    DBRG-PJ
2019-10-25 2366.0000% 9173.9998% 3888.9999%  ... 2518.0000% 2385.0000% 2390.0000%
2019-10-28 2377.0000% 9130.0003% 3909.9998%  ... 2507.0000% 2396.9999% 2390.0000%
2019-10-29 2374.0000% 9159.9998% 3929.0001%  ... 2495.9999% 2396.9999% 2395.9999%
2019-10-30 2399.0000% 9218.0000% 3993.0000%  ... 2500.0000% 2403.0001% 2399.0000%
2019-10-31 2354.9999% 9205.9998% 4050.0000%  ... 2490.0000% 2379.9999% 2378.0001%
...               ...        ...        ...  ...        ...        ...        ...
2021-12-27 2928.0001% 8198.0003% 3477.9999%  ... 2657.5001% 2569.0001% 2607.0000%
2021-12-28 2923.0000% 8248.9998% 3461.0001%  ... 2660.0000% 2575.0000% 2616.0000%
2021-12-29 2945.0001% 8305.0003% 3482.0000%  ... 2670.9999% 2578.0001% 2620.0001%
2021-12-30 2994.0001% 8198.9998% 3466.9998%  ... 2668.7401% 2581.5001% 2629.9999%
2021-12-31 3011.0001% 8205.0003% 3440.0002%  ... 2705.9999% 2611.0001% 2636.0001%

[551 rows x 28 columns]
0.342
0.1984
0.5335
0.4284
0.4564
3.2849
0.875
0.4019
0.4357
0.7802
0.4803
1.0926
0.9286
-0.1533
1.0319
0.6211
0.4182
0.1402
0.2791
1.1477
0.9227
0.4118
0.4118
0.2902
0.2768
0.0646
0.2745
0.2839
['ALEX', 'STAR', 'APTS', 'OLP', 'DBRG']
Traceback (most recent call last):
  File "/home/simonlesflex/PythonProjects/REITStrategy/REITStrategy.py", line 78, in <module>
    TargetEQW = PortfolioOptimizeMV(TargetEQ, G_RISKMODEL)
  File "/home/simonlesflex/PythonProjects/REITStrategy/PortfolioOptimize.py", line 92, in PortfolioOptimizeMV
    display(Y.head())
NameError: name 'display' is not defined
['VICI', 'WPC', 'STOR', 'SRC', 'PSB', 'PSB-PY', 'PSB-PX', 'SRC-PA', 'DBRG', 'BNL', 'EPRT', 'AAT', 'SAFE', 'UE', 'ESRT', 'APTS', 'ALEX', 'GNL-PA', 'GNL', 'STAR', 'AHH', 'AHH-PA', 'BRSP', 'RTL', 'GOOD', 'STAR-PG', 'STAR-PD', 'STAR-PI', 'GOODO', 'OLP', 'CTO', 'CORR-PA', 'MDV', 'RTLPO', 'GNL-PB', 'RTLPP', 'DBRG-PH', 'MDV-PA', 'PSB-PZ', 'GOODN', 'DBRG-PJ', 'CTO-PA', 'DBRG-PI']
1008
1259
1259
1259
1259
1028
1084
1073
1259
326
890
1259
1141
1259
1259
1259
1259
1088
1259
1259
1259
646
987
871
1259
1259
1259
1259
135
1259
1259
1259
1259
263
531
702
1259
74
551
572
1083
129
1160
                 VICI        WPC       STOR  ...     PSB-PZ    DBRG-PJ    DBRG-PI
2019-10-25 2366.0000% 9173.9998% 3888.9999%  ... 2518.0000% 2390.0000% 2385.0000%
2019-10-28 2377.0000% 9130.0003% 3909.9998%  ... 2507.0000% 2390.0000% 2396.9999%
2019-10-29 2374.0000% 9159.9998% 3929.0001%  ... 2495.9999% 2395.9999% 2396.9999%
2019-10-30 2399.0000% 9218.0000% 3993.0000%  ... 2500.0000% 2399.0000% 2403.0001%
2019-10-31 2354.9999% 9205.9998% 4050.0000%  ... 2490.0000% 2378.0001% 2379.9999%
...               ...        ...        ...  ...        ...        ...        ...
2021-12-27 2928.0001% 8198.0003% 3477.9999%  ... 2657.5001% 2607.0000% 2569.0001%
2021-12-28 2923.0000% 8248.9998% 3461.0001%  ... 2660.0000% 2616.0000% 2575.0000%
2021-12-29 2945.0001% 8305.0003% 3482.0000%  ... 2670.9999% 2620.0001% 2578.0001%
2021-12-30 2994.0001% 8198.9998% 3466.9998%  ... 2668.7401% 2629.9999% 2581.5001%
2021-12-31 3011.0001% 8205.0003% 3440.0002%  ... 2705.9999% 2636.0001% 2611.0001%

[551 rows x 28 columns]
0.342
0.1984
0.5335
0.4284
0.4564
3.2849
0.875
0.4357
0.4019
0.7802
0.4803
1.0926
0.9286
-0.1533
1.0319
0.6211
0.4182
0.1402
0.2791
1.1477
0.9227
0.4118
0.4118
0.2902
0.2768
0.0646
0.2839
0.2745
['ALEX', 'STAR', 'APTS', 'OLP', 'DBRG']
Traceback (most recent call last):
  File "/home/simonlesflex/PythonProjects/REITStrategy/REITStrategy.py", line 78, in <module>
    TargetEQW = PortfolioOptimizeMV(TargetEQ, G_RISKMODEL)
  File "/home/simonlesflex/PythonProjects/REITStrategy/PortfolioOptimize.py", line 92, in PortfolioOptimizeMV
    display(Y.head())
NameError: name 'display' is not defined
['VICI', 'WPC', 'STOR', 'SRC', 'PSB', 'PSB-PY', 'PSB-PX', 'SRC-PA', 'DBRG', 'BNL', 'EPRT', 'SAFE', 'AAT', 'UE', 'ESRT', 'APTS', 'GNL-PA', 'GNL', 'ALEX', 'STAR', 'AHH', 'BRSP', 'AHH-PA', 'RTL', 'GOOD', 'STAR-PD', 'STAR-PG', 'STAR-PI', 'GOODO', 'OLP', 'CTO', 'CORR-PA', 'MDV', 'GNL-PB', 'RTLPO', 'RTLPP', 'MDV-PA', 'DBRG-PH', 'GOODN', 'PSB-PZ', 'CTO-PA', 'DBRG-PI', 'DBRG-PJ']
1008
1259
1259
1259
1259
1028
1084
1073
1259
326
890
1141
1259
1259
1259
1259
1088
1259
1259
1259
1259
987
646
871
1259
1259
1259
1259
135
1259
1259
1259
1259
531
263
702
74
1259
572
551
129
1160
1083
                 VICI        WPC       STOR  ...     PSB-PZ    DBRG-PI    DBRG-PJ
2019-10-25 2366.0000% 9173.9998% 3888.9999%  ... 2518.0000% 2385.0000% 2390.0000%
2019-10-28 2377.0000% 9130.0003% 3909.9998%  ... 2507.0000% 2396.9999% 2390.0000%
2019-10-29 2374.0000% 9159.9998% 3929.0001%  ... 2495.9999% 2396.9999% 2395.9999%
2019-10-30 2399.0000% 9218.0000% 3993.0000%  ... 2500.0000% 2403.0001% 2399.0000%
2019-10-31 2354.9999% 9205.9998% 4050.0000%  ... 2490.0000% 2379.9999% 2378.0001%
...               ...        ...        ...  ...        ...        ...        ...
2021-12-27 2928.0001% 8198.0003% 3477.9999%  ... 2657.5001% 2569.0001% 2607.0000%
2021-12-28 2923.0000% 8248.9998% 3461.0001%  ... 2660.0000% 2575.0000% 2616.0000%
2021-12-29 2945.0001% 8305.0003% 3482.0000%  ... 2670.9999% 2578.0001% 2620.0001%
2021-12-30 2994.0001% 8198.9998% 3466.9998%  ... 2668.7401% 2581.5001% 2629.9999%
2021-12-31 3011.0001% 8205.0003% 3440.0002%  ... 2705.9999% 2611.0001% 2636.0001%

[551 rows x 28 columns]
0.342
0.1984
0.5335
0.4284
0.4564
3.2849
0.875
0.4019
0.4357
0.7802
0.4803
1.0926
-0.1533
0.9286
1.0319
0.6211
0.4182
0.1402
0.2791
1.1477
0.9227
0.4118
0.4118
0.2902
0.2768
0.0646
0.2745
0.2839
['ALEX', 'STAR', 'APTS', 'OLP', 'DBRG']
Traceback (most recent call last):
  File "/home/simonlesflex/PythonProjects/REITStrategy/REITStrategy.py", line 78, in <module>
    TargetEQW = PortfolioOptimizeMV(TargetEQ, G_RISKMODEL)
  File "/home/simonlesflex/PythonProjects/REITStrategy/PortfolioOptimize.py", line 92, in PortfolioOptimizeMV
    display(Y.head())
NameError: name 'display' is not defined
['VICI', 'WPC', 'STOR', 'SRC', 'PSB', 'PSB-PX', 'PSB-PY', 'DBRG', 'SRC-PA', 'BNL', 'EPRT', 'SAFE', 'AAT', 'ESRT', 'UE', 'APTS', 'GNL-PA', 'GNL', 'ALEX', 'STAR', 'AHH', 'BRSP', 'AHH-PA', 'RTL', 'GOOD', 'STAR-PD', 'STAR-PG', 'STAR-PI', 'GOODO', 'OLP', 'CTO', 'CORR-PA', 'MDV', 'RTLPP', 'RTLPO', 'GNL-PB', 'DBRG-PH', 'MDV-PA', 'PSB-PZ', 'GOODN', 'DBRG-PJ', 'DBRG-PI', 'CTO-PA']
1008
1259
1259
1259
1259
1084
1028
1259
1073
326
890
1141
1259
1259
1259
1259
1088
1259
1259
1259
1259
987
646
871
1259
1259
1259
1259
135
1259
1259
1259
1259
702
263
531
1259
74
551
572
1083
1160
129
                 VICI        WPC       STOR  ...     PSB-PZ    DBRG-PJ    DBRG-PI
2019-10-25 2366.0000% 9173.9998% 3888.9999%  ... 2518.0000% 2390.0000% 2385.0000%
2019-10-28 2377.0000% 9130.0003% 3909.9998%  ... 2507.0000% 2390.0000% 2396.9999%
2019-10-29 2374.0000% 9159.9998% 3929.0001%  ... 2495.9999% 2395.9999% 2396.9999%
2019-10-30 2399.0000% 9218.0000% 3993.0000%  ... 2500.0000% 2399.0000% 2403.0001%
2019-10-31 2354.9999% 9205.9998% 4050.0000%  ... 2490.0000% 2378.0001% 2379.9999%
...               ...        ...        ...  ...        ...        ...        ...
2021-12-27 2928.0001% 8198.0003% 3477.9999%  ... 2657.5001% 2607.0000% 2569.0001%
2021-12-28 2923.0000% 8248.9998% 3461.0001%  ... 2660.0000% 2616.0000% 2575.0000%
2021-12-29 2945.0001% 8305.0003% 3482.0000%  ... 2670.9999% 2620.0001% 2578.0001%
2021-12-30 2994.0001% 8198.9998% 3466.9998%  ... 2668.7401% 2629.9999% 2581.5001%
2021-12-31 3011.0001% 8205.0003% 3440.0002%  ... 2705.9999% 2636.0001% 2611.0001%

[551 rows x 28 columns]
0.342
0.1984
0.5335
0.4284
0.4564
3.2849
0.875
0.4019
0.4357
0.4803
0.7802
1.0926
-0.1533
0.9286
1.0319
0.6211
0.4182
0.1402
0.2791
1.1477
0.9227
0.4118
0.4118
0.2902
0.2768
0.0646
0.2839
0.2745
['ALEX', 'STAR', 'APTS', 'OLP', 'DBRG']
Traceback (most recent call last):
  File "/home/simonlesflex/PythonProjects/REITStrategy/REITStrategy.py", line 78, in <module>
    TargetEQW = PortfolioOptimizeMV(TargetEQ, G_RISKMODEL)
  File "/home/simonlesflex/PythonProjects/REITStrategy/PortfolioOptimize.py", line 92, in PortfolioOptimizeMV
    display(Y.head())
NameError: name 'display' is not defined
['VICI', 'WPC', 'STOR', 'SRC', 'PSB-PX', 'PSB-PY', 'PSB', 'DBRG', 'SRC-PA', 'BNL', 'EPRT', 'SAFE', 'AAT', 'UE', 'ESRT', 'APTS', 'GNL-PA', 'GNL', 'ALEX', 'STAR', 'AHH', 'BRSP', 'AHH-PA', 'RTL', 'GOOD', 'STAR-PD', 'STAR-PI', 'STAR-PG', 'GOODO', 'OLP', 'CTO', 'CORR-PA', 'MDV', 'GNL-PB', 'RTLPO', 'RTLPP', 'MDV-PA', 'DBRG-PH', 'PSB-PZ', 'GOODN', 'DBRG-PJ', 'CTO-PA', 'DBRG-PI']
1008
1259
1259
1259
1084
1028
1259
1259
1073
326
890
1141
1259
1259
1259
1259
1088
1259
1259
1259
1259
987
646
871
1259
1259
1259
1259
135
1259
1259
1259
1259
531
263
702
74
1259
551
572
1083
129
1160
                 VICI        WPC       STOR  ...     PSB-PZ    DBRG-PJ    DBRG-PI
2019-10-25 2366.0000% 9173.9998% 3888.9999%  ... 2518.0000% 2390.0000% 2385.0000%
2019-10-28 2377.0000% 9130.0003% 3909.9998%  ... 2507.0000% 2390.0000% 2396.9999%
2019-10-29 2374.0000% 9159.9998% 3929.0001%  ... 2495.9999% 2395.9999% 2396.9999%
2019-10-30 2399.0000% 9218.0000% 3993.0000%  ... 2500.0000% 2399.0000% 2403.0001%
2019-10-31 2354.9999% 9205.9998% 4050.0000%  ... 2490.0000% 2378.0001% 2379.9999%
...               ...        ...        ...  ...        ...        ...        ...
2021-12-27 2928.0001% 8198.0003% 3477.9999%  ... 2657.5001% 2607.0000% 2569.0001%
2021-12-28 2923.0000% 8248.9998% 3461.0001%  ... 2660.0000% 2616.0000% 2575.0000%
2021-12-29 2945.0001% 8305.0003% 3482.0000%  ... 2670.9999% 2620.0001% 2578.0001%
2021-12-30 2994.0001% 8198.9998% 3466.9998%  ... 2668.7401% 2629.9999% 2581.5001%
2021-12-31 3011.0001% 8205.0003% 3440.0002%  ... 2705.9999% 2636.0001% 2611.0001%

[551 rows x 28 columns]
0.342
0.1984
0.5335
0.4284
0.4564
3.2849
0.875
0.4019
0.4357
0.7802
0.4803
1.0926
-0.1533
0.9286
1.0319
0.6211
0.4182
0.1402
0.2791
1.1477
0.9227
0.4118
0.4118
0.2902
0.2768
0.0646
0.2839
0.2745
['ALEX', 'STAR', 'APTS', 'OLP', 'DBRG']
Traceback (most recent call last):
  File "/home/simonlesflex/PythonProjects/REITStrategy/REITStrategy.py", line 78, in <module>
    TargetEQW = PortfolioOptimizeMV(TargetEQ, G_RISKMODEL)
  File "/home/simonlesflex/PythonProjects/REITStrategy/PortfolioOptimize.py", line 92, in PortfolioOptimizeMV
    display(Y.head())
NameError: name 'display' is not defined
['VICI', 'WPC', 'STOR', 'SRC', 'PSB-PX', 'PSB-PY', 'PSB', 'DBRG', 'SRC-PA', 'BNL', 'EPRT', 'SAFE', 'AAT', 'UE', 'ESRT', 'APTS', 'GNL-PA', 'GNL', 'ALEX', 'STAR', 'AHH', 'BRSP', 'AHH-PA', 'RTL', 'GOOD', 'STAR-PD', 'STAR-PI', 'STAR-PG', 'GOODO', 'OLP', 'CTO', 'CORR-PA', 'MDV', 'RTLPO', 'RTLPP', 'GNL-PB', 'MDV-PA', 'DBRG-PH', 'PSB-PZ', 'GOODN', 'DBRG-PJ', 'DBRG-PI', 'CTO-PA']
1008
1259
1259
1259
1084
1028
1259
1259
1073
326
890
1141
1259
1259
1259
1259
1088
1259
1259
1259
1259
987
646
871
1259
1259
1259
1259
135
1259
1259
1259
1259
263
702
531
74
1259
551
572
1083
1160
129
                 VICI        WPC       STOR  ...     PSB-PZ    DBRG-PJ    DBRG-PI
2019-10-25 2366.0000% 9173.9998% 3888.9999%  ... 2518.0000% 2390.0000% 2385.0000%
2019-10-28 2377.0000% 9130.0003% 3909.9998%  ... 2507.0000% 2390.0000% 2396.9999%
2019-10-29 2374.0000% 9159.9998% 3929.0001%  ... 2495.9999% 2395.9999% 2396.9999%
2019-10-30 2399.0000% 9218.0000% 3993.0000%  ... 2500.0000% 2399.0000% 2403.0001%
2019-10-31 2354.9999% 9205.9998% 4050.0000%  ... 2490.0000% 2378.0001% 2379.9999%
...               ...        ...        ...  ...        ...        ...        ...
2021-12-27 2928.0001% 8198.0003% 3477.9999%  ... 2657.5001% 2607.0000% 2569.0001%
2021-12-28 2923.0000% 8248.9998% 3461.0001%  ... 2660.0000% 2616.0000% 2575.0000%
2021-12-29 2945.0001% 8305.0003% 3482.0000%  ... 2670.9999% 2620.0001% 2578.0001%
2021-12-30 2994.0001% 8198.9998% 3466.9998%  ... 2668.7401% 2629.9999% 2581.5001%
2021-12-31 3011.0001% 8205.0003% 3440.0002%  ... 2705.9999% 2636.0001% 2611.0001%

[551 rows x 28 columns]
0.342
0.1984
0.5335
0.4284
0.4564
3.2849
0.875
0.4019
0.4357
0.7802
0.4803
1.0926
-0.1533
0.9286
1.0319
0.6211
0.4182
0.1402
0.2791
1.1477
0.9227
0.4118
0.4118
0.2902
0.2768
0.0646
0.2839
0.2745
['ALEX', 'STAR', 'APTS', 'OLP', 'DBRG']
Traceback (most recent call last):
  File "/home/simonlesflex/PythonProjects/REITStrategy/REITStrategy.py", line 78, in <module>
    TargetEQW = PortfolioOptimizeMV(TargetEQ, G_RISKMODEL)
  File "/home/simonlesflex/PythonProjects/REITStrategy/PortfolioOptimize.py", line 92, in PortfolioOptimizeMV
    display(Y.head())
NameError: name 'display' is not defined
['VICI', 'WPC', 'STOR', 'SRC', 'PSB-PX', 'PSB-PY', 'PSB', 'DBRG', 'SRC-PA', 'BNL', 'EPRT', 'SAFE', 'AAT', 'UE', 'ESRT', 'APTS', 'GNL-PA', 'GNL', 'ALEX', 'STAR', 'AHH', 'BRSP', 'AHH-PA', 'RTL', 'GOOD', 'STAR-PD', 'STAR-PI', 'STAR-PG', 'GOODO', 'OLP', 'CTO', 'CORR-PA', 'MDV', 'RTLPO', 'GNL-PB', 'RTLPP', 'DBRG-PH', 'MDV-PA', 'GOODN', 'PSB-PZ', 'DBRG-PJ', 'CTO-PA', 'DBRG-PI']
1008
1259
1259
1259
1084
1028
1259
1259
1073
326
890
1141
1259
1259
1259
1259
1088
1259
1259
1259
1259
987
646
871
1259
1259
1259
1259
135
1259
1259
1259
1259
263
531
702
1259
74
572
551
1083
129
1160
                 VICI        WPC       STOR  ...     PSB-PZ    DBRG-PJ    DBRG-PI
2019-10-25 2366.0000% 9173.9998% 3888.9999%  ... 2518.0000% 2390.0000% 2385.0000%
2019-10-28 2377.0000% 9130.0003% 3909.9998%  ... 2507.0000% 2390.0000% 2396.9999%
2019-10-29 2374.0000% 9159.9998% 3929.0001%  ... 2495.9999% 2395.9999% 2396.9999%
2019-10-30 2399.0000% 9218.0000% 3993.0000%  ... 2500.0000% 2399.0000% 2403.0001%
2019-10-31 2354.9999% 9205.9998% 4050.0000%  ... 2490.0000% 2378.0001% 2379.9999%
...               ...        ...        ...  ...        ...        ...        ...
2021-12-27 2928.0001% 8198.0003% 3477.9999%  ... 2657.5001% 2607.0000% 2569.0001%
2021-12-28 2923.0000% 8248.9998% 3461.0001%  ... 2660.0000% 2616.0000% 2575.0000%
2021-12-29 2945.0001% 8305.0003% 3482.0000%  ... 2670.9999% 2620.0001% 2578.0001%
2021-12-30 2994.0001% 8198.9998% 3466.9998%  ... 2668.7401% 2629.9999% 2581.5001%
2021-12-31 3011.0001% 8205.0003% 3440.0002%  ... 2705.9999% 2636.0001% 2611.0001%

[551 rows x 28 columns]
0.342
0.1984
0.5335
0.4284
0.4564
3.2849
0.875
0.4019
0.4357
0.7802
0.4803
1.0926
-0.1533
0.9286
1.0319
0.6211
0.4182
0.1402
0.2791
1.1477
0.9227
0.4118
0.4118
0.2902
0.2768
0.0646
0.2839
0.2745
['ALEX', 'STAR', 'APTS', 'OLP', 'DBRG']
Traceback (most recent call last):
  File "/home/simonlesflex/PythonProjects/REITStrategy/REITStrategy.py", line 78, in <module>
    TargetEQW = PortfolioOptimizeMV(TargetEQ, G_RISKMODEL)
  File "/home/simonlesflex/PythonProjects/REITStrategy/PortfolioOptimize.py", line 92, in PortfolioOptimizeMV
    display(Y.head())
NameError: name 'display' is not defined
['VICI', 'WPC', 'STOR', 'SRC', 'PSB-PX', 'PSB-PY', 'PSB', 'SRC-PA', 'DBRG', 'BNL', 'EPRT', 'SAFE', 'AAT', 'UE', 'ESRT', 'APTS', 'GNL-PA', 'GNL', 'ALEX', 'STAR', 'AHH', 'BRSP', 'AHH-PA', 'RTL', 'GOOD', 'STAR-PD', 'STAR-PI', 'STAR-PG', 'GOODO', 'OLP', 'CTO', 'CORR-PA', 'MDV', 'GNL-PB', 'RTLPP', 'RTLPO', 'DBRG-PH', 'MDV-PA', 'GOODN', 'PSB-PZ', 'DBRG-PJ', 'DBRG-PI', 'CTO-PA']
1008
1259
1259
1259
1084
1028
1259
1073
1259
326
890
1141
1259
1259
1259
1259
1088
1259
1259
1259
1259
987
646
871
1259
1259
1259
1259
135
1259
1259
1259
1259
531
702
263
1259
74
572
551
1083
1160
129
                 VICI        WPC       STOR  ...     PSB-PZ    DBRG-PJ    DBRG-PI
2019-10-25 2366.0000% 9173.9998% 3888.9999%  ... 2518.0000% 2390.0000% 2385.0000%
2019-10-28 2377.0000% 9130.0003% 3909.9998%  ... 2507.0000% 2390.0000% 2396.9999%
2019-10-29 2374.0000% 9159.9998% 3929.0001%  ... 2495.9999% 2395.9999% 2396.9999%
2019-10-30 2399.0000% 9218.0000% 3993.0000%  ... 2500.0000% 2399.0000% 2403.0001%
2019-10-31 2354.9999% 9205.9998% 4050.0000%  ... 2490.0000% 2378.0001% 2379.9999%
...               ...        ...        ...  ...        ...        ...        ...
2021-12-27 2928.0001% 8198.0003% 3477.9999%  ... 2657.5001% 2607.0000% 2569.0001%
2021-12-28 2923.0000% 8248.9998% 3461.0001%  ... 2660.0000% 2616.0000% 2575.0000%
2021-12-29 2945.0001% 8305.0003% 3482.0000%  ... 2670.9999% 2620.0001% 2578.0001%
2021-12-30 2994.0001% 8198.9998% 3466.9998%  ... 2668.7401% 2629.9999% 2581.5001%
2021-12-31 3011.0001% 8205.0003% 3440.0002%  ... 2705.9999% 2636.0001% 2611.0001%

[551 rows x 28 columns]
0.342
0.1984
0.5335
0.4284
0.4564
3.2849
0.875
0.4019
0.4357
0.7802
0.4803
1.0926
-0.1533
0.9286
1.0319
0.6211
0.4182
0.1402
0.2791
1.1477
0.9227
0.4118
0.4118
0.2902
0.2768
0.0646
0.2839
0.2745
['ALEX', 'STAR', 'APTS', 'OLP', 'DBRG']
Traceback (most recent call last):
  File "/home/simonlesflex/PythonProjects/REITStrategy/REITStrategy.py", line 78, in <module>
    TargetEQW = PortfolioOptimizeMV(TargetEQ, G_RISKMODEL)
  File "/home/simonlesflex/PythonProjects/REITStrategy/PortfolioOptimize.py", line 92, in PortfolioOptimizeMV
    display(Y.head())
NameError: name 'display' is not defined
['VICI', 'WPC', 'STOR', 'SRC', 'PSB-PY', 'PSB-PX', 'PSB', 'SRC-PA', 'DBRG', 'BNL', 'EPRT', 'SAFE', 'AAT', 'UE', 'ESRT', 'APTS', 'GNL-PA', 'GNL', 'ALEX', 'STAR', 'AHH', 'BRSP', 'AHH-PA', 'RTL', 'GOOD', 'STAR-PD', 'STAR-PI', 'STAR-PG', 'GOODO', 'OLP', 'CTO', 'CORR-PA', 'MDV', 'GNL-PB', 'RTLPO', 'RTLPP', 'MDV-PA', 'DBRG-PH', 'PSB-PZ', 'GOODN', 'DBRG-PJ', 'DBRG-PI', 'CTO-PA']
1008
1259
1259
1259
1028
1084
1259
1073
1259
326
890
1141
1259
1259
1259
1259
1088
1259
1259
1259
1259
987
646
871
1259
1259
1259
1259
135
1259
1259
1259
1259
531
263
702
74
1259
551
572
1083
1160
129
                 VICI        WPC       STOR  ...     PSB-PZ    DBRG-PJ    DBRG-PI
2019-10-25 2366.0000% 9173.9998% 3888.9999%  ... 2518.0000% 2390.0000% 2385.0000%
2019-10-28 2377.0000% 9130.0003% 3909.9998%  ... 2507.0000% 2390.0000% 2396.9999%
2019-10-29 2374.0000% 9159.9998% 3929.0001%  ... 2495.9999% 2395.9999% 2396.9999%
2019-10-30 2399.0000% 9218.0000% 3993.0000%  ... 2500.0000% 2399.0000% 2403.0001%
2019-10-31 2354.9999% 9205.9998% 4050.0000%  ... 2490.0000% 2378.0001% 2379.9999%
...               ...        ...        ...  ...        ...        ...        ...
2021-12-27 2928.0001% 8198.0003% 3477.9999%  ... 2657.5001% 2607.0000% 2569.0001%
2021-12-28 2923.0000% 8248.9998% 3461.0001%  ... 2660.0000% 2616.0000% 2575.0000%
2021-12-29 2945.0001% 8305.0003% 3482.0000%  ... 2670.9999% 2620.0001% 2578.0001%
2021-12-30 2994.0001% 8198.9998% 3466.9998%  ... 2668.7401% 2629.9999% 2581.5001%
2021-12-31 3011.0001% 8205.0003% 3440.0002%  ... 2705.9999% 2636.0001% 2611.0001%

[551 rows x 28 columns]
0.342
0.1984
0.5335
0.4284
0.4564
3.2849
0.875
0.4019
0.4357
0.7802
0.4803
1.0926
-0.1533
0.9286
1.0319
0.6211
0.4182
0.1402
0.2791
1.1477
0.9227
0.4118
0.4118
0.2902
0.2768
0.0646
0.2839
0.2745
['ALEX', 'STAR', 'APTS', 'OLP', 'DBRG']
Traceback (most recent call last):
  File "/home/simonlesflex/PythonProjects/REITStrategy/REITStrategy.py", line 78, in <module>
    TargetEQW = PortfolioOptimizeMV(TargetEQ, G_RISKMODEL)
  File "/home/simonlesflex/PythonProjects/REITStrategy/PortfolioOptimize.py", line 92, in PortfolioOptimizeMV
    display(Y.head())
NameError: name 'display' is not defined
['VICI', 'WPC', 'STOR', 'SRC', 'PSB-PX', 'PSB-PY', 'PSB', 'SRC-PA', 'DBRG', 'BNL', 'EPRT', 'SAFE', 'AAT', 'UE', 'ESRT', 'APTS', 'GNL-PA', 'GNL', 'ALEX', 'STAR', 'AHH', 'BRSP', 'AHH-PA', 'RTL', 'GOOD', 'STAR-PD', 'STAR-PG', 'STAR-PI', 'GOODO', 'OLP', 'CTO', 'CORR-PA', 'MDV', 'RTLPO', 'GNL-PB', 'RTLPP', 'DBRG-PH', 'MDV-PA', 'PSB-PZ', 'GOODN', 'DBRG-PJ', 'CTO-PA', 'DBRG-PI']
1008
1259
1259
1259
1084
1028
1259
1073
1259
326
890
1141
1259
1259
1259
1259
1088
1259
1259
1259
1259
987
646
871
1259
1259
1259
1259
135
1259
1259
1259
1259
263
531
702
1259
74
551
572
1083
129
1160
                 VICI        WPC       STOR  ...     PSB-PZ    DBRG-PJ    DBRG-PI
2019-10-25 2366.0000% 9173.9998% 3888.9999%  ... 2518.0000% 2390.0000% 2385.0000%
2019-10-28 2377.0000% 9130.0003% 3909.9998%  ... 2507.0000% 2390.0000% 2396.9999%
2019-10-29 2374.0000% 9159.9998% 3929.0001%  ... 2495.9999% 2395.9999% 2396.9999%
2019-10-30 2399.0000% 9218.0000% 3993.0000%  ... 2500.0000% 2399.0000% 2403.0001%
2019-10-31 2354.9999% 9205.9998% 4050.0000%  ... 2490.0000% 2378.0001% 2379.9999%
...               ...        ...        ...  ...        ...        ...        ...
2021-12-27 2928.0001% 8198.0003% 3477.9999%  ... 2657.5001% 2607.0000% 2569.0001%
2021-12-28 2923.0000% 8248.9998% 3461.0001%  ... 2660.0000% 2616.0000% 2575.0000%
2021-12-29 2945.0001% 8305.0003% 3482.0000%  ... 2670.9999% 2620.0001% 2578.0001%
2021-12-30 2994.0001% 8198.9998% 3466.9998%  ... 2668.7401% 2629.9999% 2581.5001%
2021-12-31 3011.0001% 8205.0003% 3440.0002%  ... 2705.9999% 2636.0001% 2611.0001%

[551 rows x 28 columns]
0.342
0.1984
0.5335
0.4284
0.4564
3.2849
0.875
0.4019
0.4357
0.7802
0.4803
1.0926
-0.1533
0.9286
1.0319
0.6211
0.4182
0.1402
0.2791
1.1477
0.9227
0.4118
0.4118
0.2902
0.2768
0.0646
0.2839
0.2745
['ALEX', 'STAR', 'APTS', 'OLP', 'DBRG']
Traceback (most recent call last):
  File "/home/simonlesflex/PythonProjects/REITStrategy/REITStrategy.py", line 78, in <module>
    TargetEQW = PortfolioOptimizeMV(TargetEQ, G_RISKMODEL)
  File "/home/simonlesflex/PythonProjects/REITStrategy/PortfolioOptimize.py", line 92, in PortfolioOptimizeMV
    display(Y.head())
NameError: name 'display' is not defined
['VICI', 'WPC', 'STOR', 'SRC', 'PSB-PX', 'PSB-PY', 'PSB', 'SRC-PA', 'DBRG', 'BNL', 'EPRT', 'SAFE', 'AAT', 'UE', 'ESRT', 'APTS', 'GNL-PA', 'GNL', 'STAR', 'ALEX', 'AHH', 'BRSP', 'AHH-PA', 'RTL', 'GOOD', 'STAR-PD', 'STAR-PG', 'STAR-PI', 'GOODO', 'OLP', 'CTO', 'CORR-PA', 'MDV', 'RTLPO', 'GNL-PB', 'RTLPP', 'DBRG-PH', 'MDV-PA', 'PSB-PZ', 'GOODN', 'DBRG-PI', 'CTO-PA', 'DBRG-PJ']
1008
1259
1259
1259
1084
1028
1259
1073
1259
326
890
1141
1259
1259
1259
1259
1088
1259
1259
1259
1259
987
646
871
1259
1259
1259
1259
135
1259
1259
1259
1259
263
531
702
1259
74
551
572
1160
129
1083
                 VICI        WPC       STOR  ...     PSB-PZ    DBRG-PI    DBRG-PJ
2019-10-25 2366.0000% 9173.9998% 3888.9999%  ... 2518.0000% 2385.0000% 2390.0000%
2019-10-28 2377.0000% 9130.0003% 3909.9998%  ... 2507.0000% 2396.9999% 2390.0000%
2019-10-29 2374.0000% 9159.9998% 3929.0001%  ... 2495.9999% 2396.9999% 2395.9999%
2019-10-30 2399.0000% 9218.0000% 3993.0000%  ... 2500.0000% 2403.0001% 2399.0000%
2019-10-31 2354.9999% 9205.9998% 4050.0000%  ... 2490.0000% 2379.9999% 2378.0001%
...               ...        ...        ...  ...        ...        ...        ...
2021-12-27 2928.0001% 8198.0003% 3477.9999%  ... 2657.5001% 2569.0001% 2607.0000%
2021-12-28 2923.0000% 8248.9998% 3461.0001%  ... 2660.0000% 2575.0000% 2616.0000%
2021-12-29 2945.0001% 8305.0003% 3482.0000%  ... 2670.9999% 2578.0001% 2620.0001%
2021-12-30 2994.0001% 8198.9998% 3466.9998%  ... 2668.7401% 2581.5001% 2629.9999%
2021-12-31 3011.0001% 8205.0003% 3440.0002%  ... 2705.9999% 2611.0001% 2636.0001%

[551 rows x 28 columns]
0.342
0.1984
0.5335
0.4284
0.4564
3.2849
0.875
0.4019
0.4357
0.7802
0.4803
1.0926
-0.1533
1.0319
0.9286
0.6211
0.4182
0.1402
0.2791
1.1477
0.9227
0.4118
0.4118
0.2902
0.2768
0.0646
0.2745
0.2839
['ALEX', 'STAR', 'APTS', 'OLP', 'DBRG']
Traceback (most recent call last):
  File "/home/simonlesflex/PythonProjects/REITStrategy/REITStrategy.py", line 78, in <module>
    TargetEQW = PortfolioOptimizeMV(TargetEQ, G_RISKMODEL)
  File "/home/simonlesflex/PythonProjects/REITStrategy/PortfolioOptimize.py", line 92, in PortfolioOptimizeMV
    display(Y.head())
NameError: name 'display' is not defined
['VICI', 'WPC', 'STOR', 'SRC', 'PSB-PX', 'PSB-PY', 'PSB', 'SRC-PA', 'DBRG', 'BNL', 'EPRT', 'SAFE', 'AAT', 'UE', 'ESRT', 'APTS', 'GNL-PA', 'GNL', 'STAR', 'ALEX', 'AHH', 'BRSP', 'AHH-PA', 'RTL', 'GOOD', 'STAR-PD', 'STAR-PG', 'STAR-PI', 'GOODO', 'OLP', 'CTO', 'CORR-PA', 'MDV', 'GNL-PB', 'RTLPP', 'RTLPO', 'MDV-PA', 'DBRG-PH', 'PSB-PZ', 'GOODN', 'DBRG-PI', 'CTO-PA', 'DBRG-PJ']
1008
1259
1259
1259
1084
1028
1259
1073
1259
326
890
1141
1259
1259
1259
1259
1088
1259
1259
1259
1259
987
646
871
1259
1259
1259
1259
135
1259
1259
1259
1259
531
702
263
74
1259
551
572
1160
129
1083
                 VICI        WPC       STOR  ...     PSB-PZ    DBRG-PI    DBRG-PJ
2019-10-25 2366.0000% 9173.9998% 3888.9999%  ... 2518.0000% 2385.0000% 2390.0000%
2019-10-28 2377.0000% 9130.0003% 3909.9998%  ... 2507.0000% 2396.9999% 2390.0000%
2019-10-29 2374.0000% 9159.9998% 3929.0001%  ... 2495.9999% 2396.9999% 2395.9999%
2019-10-30 2399.0000% 9218.0000% 3993.0000%  ... 2500.0000% 2403.0001% 2399.0000%
2019-10-31 2354.9999% 9205.9998% 4050.0000%  ... 2490.0000% 2379.9999% 2378.0001%
...               ...        ...        ...  ...        ...        ...        ...
2021-12-27 2928.0001% 8198.0003% 3477.9999%  ... 2657.5001% 2569.0001% 2607.0000%
2021-12-28 2923.0000% 8248.9998% 3461.0001%  ... 2660.0000% 2575.0000% 2616.0000%
2021-12-29 2945.0001% 8305.0003% 3482.0000%  ... 2670.9999% 2578.0001% 2620.0001%
2021-12-30 2994.0001% 8198.9998% 3466.9998%  ... 2668.7401% 2581.5001% 2629.9999%
2021-12-31 3011.0001% 8205.0003% 3440.0002%  ... 2705.9999% 2611.0001% 2636.0001%

[551 rows x 28 columns]
0.342
0.1984
0.5335
0.4284
0.4564
3.2849
0.875
0.4019
0.4357
0.7802
0.4803
1.0926
-0.1533
1.0319
0.9286
0.6211
0.4182
0.1402
0.2791
1.1477
0.9227
0.4118
0.4118
0.2902
0.2768
0.0646
0.2745
0.2839
['ALEX', 'STAR', 'APTS', 'OLP', 'DBRG']
Traceback (most recent call last):
  File "/home/simonlesflex/PythonProjects/REITStrategy/REITStrategy.py", line 78, in <module>
    TargetEQW = PortfolioOptimizeMV(TargetEQ, G_RISKMODEL)
  File "/home/simonlesflex/PythonProjects/REITStrategy/PortfolioOptimize.py", line 92, in PortfolioOptimizeMV
    display(Y.head())
NameError: name 'display' is not defined
['VICI', 'WPC', 'STOR', 'SRC', 'PSB-PX', 'PSB-PY', 'PSB', 'SRC-PA', 'DBRG', 'BNL', 'EPRT', 'SAFE', 'AAT', 'UE', 'ESRT', 'APTS', 'GNL-PA', 'GNL', 'STAR', 'ALEX', 'AHH', 'BRSP', 'AHH-PA', 'RTL', 'GOOD', 'STAR-PD', 'STAR-PG', 'STAR-PI', 'GOODO', 'OLP', 'CTO', 'CORR-PA', 'MDV', 'RTLPO', 'RTLPP', 'GNL-PB', 'MDV-PA', 'DBRG-PH', 'PSB-PZ', 'GOODN', 'CTO-PA', 'DBRG-PI', 'DBRG-PJ']
1008
1259
1259
1259
1084
1028
1259
1073
1259
326
890
1141
1259
1259
1259
1259
1088
1259
1259
1259
1259
987
646
871
1259
1259
1259
1259
135
1259
1259
1259
1259
263
702
531
74
1259
551
572
129
1160
1083
                 VICI        WPC       STOR  ...     PSB-PZ    DBRG-PI    DBRG-PJ
2019-10-25 2366.0000% 9173.9998% 3888.9999%  ... 2518.0000% 2385.0000% 2390.0000%
2019-10-28 2377.0000% 9130.0003% 3909.9998%  ... 2507.0000% 2396.9999% 2390.0000%
2019-10-29 2374.0000% 9159.9998% 3929.0001%  ... 2495.9999% 2396.9999% 2395.9999%
2019-10-30 2399.0000% 9218.0000% 3993.0000%  ... 2500.0000% 2403.0001% 2399.0000%
2019-10-31 2354.9999% 9205.9998% 4050.0000%  ... 2490.0000% 2379.9999% 2378.0001%
...               ...        ...        ...  ...        ...        ...        ...
2021-12-27 2928.0001% 8198.0003% 3477.9999%  ... 2657.5001% 2569.0001% 2607.0000%
2021-12-28 2923.0000% 8248.9998% 3461.0001%  ... 2660.0000% 2575.0000% 2616.0000%
2021-12-29 2945.0001% 8305.0003% 3482.0000%  ... 2670.9999% 2578.0001% 2620.0001%
2021-12-30 2994.0001% 8198.9998% 3466.9998%  ... 2668.7401% 2581.5001% 2629.9999%
2021-12-31 3011.0001% 8205.0003% 3440.0002%  ... 2705.9999% 2611.0001% 2636.0001%

[551 rows x 28 columns]
0.342
0.1984
0.5335
0.4284
0.4564
3.2849
0.875
0.4019
0.4357
0.7802
0.4803
1.0926
-0.1533
1.0319
0.9286
0.6211
0.4182
0.1402
0.2791
1.1477
0.9227
0.4118
0.4118
0.2902
0.2768
0.0646
0.2745
0.2839
['ALEX', 'STAR', 'APTS', 'OLP', 'DBRG']
Traceback (most recent call last):
  File "/home/simonlesflex/PythonProjects/REITStrategy/REITStrategy.py", line 78, in <module>
    TargetEQW = PortfolioOptimizeMV(TargetEQ, G_RISKMODEL)
  File "/home/simonlesflex/PythonProjects/REITStrategy/PortfolioOptimize.py", line 92, in PortfolioOptimizeMV
    display(Y.head())
NameError: name 'display' is not defined
['VICI', 'WPC', 'STOR', 'SRC', 'PSB', 'PSB-PX', 'PSB-PY', 'SRC-PA', 'BNL', 'DBRG', 'EPRT', 'SAFE', 'AAT', 'UE', 'ESRT', 'APTS', 'GNL-PA', 'GNL', 'ALEX', 'STAR', 'AHH', 'BRSP', 'AHH-PA', 'RTL', 'STAR-PD', 'STAR-PG', 'GOOD', 'STAR-PI', 'GOODO', 'OLP', 'CTO', 'CORR-PA', 'MDV', 'GNL-PB', 'RTLPO', 'RTLPP', 'DBRG-PH', 'MDV-PA', 'DBRG-PJ', 'GOODN', 'PSB-PZ', 'DBRG-PI', 'CTO-PA']
1008
1259
1259
1259
1259
1084
1028
1073
326
1259
890
1141
1259
1259
1259
1259
1088
1259
1259
1259
1259
987
646
871
1259
1259
1259
1259
135
1259
1259
1259
1259
531
263
702
1259
74
1083
572
551
1160
129
                 VICI        WPC       STOR  ...    DBRG-PJ     PSB-PZ    DBRG-PI
2019-10-25 2366.0000% 9173.9998% 3888.9999%  ... 2390.0000% 2518.0000% 2385.0000%
2019-10-28 2377.0000% 9130.0003% 3909.9998%  ... 2390.0000% 2507.0000% 2396.9999%
2019-10-29 2374.0000% 9159.9998% 3929.0001%  ... 2395.9999% 2495.9999% 2396.9999%
2019-10-30 2399.0000% 9218.0000% 3993.0000%  ... 2399.0000% 2500.0000% 2403.0001%
2019-10-31 2354.9999% 9205.9998% 4050.0000%  ... 2378.0001% 2490.0000% 2379.9999%
...               ...        ...        ...  ...        ...        ...        ...
2021-12-27 2928.0001% 8198.0003% 3477.9999%  ... 2607.0000% 2657.5001% 2569.0001%
2021-12-28 2923.0000% 8248.9998% 3461.0001%  ... 2616.0000% 2660.0000% 2575.0000%
2021-12-29 2945.0001% 8305.0003% 3482.0000%  ... 2620.0001% 2670.9999% 2578.0001%
2021-12-30 2994.0001% 8198.9998% 3466.9998%  ... 2629.9999% 2668.7401% 2581.5001%
2021-12-31 3011.0001% 8205.0003% 3440.0002%  ... 2636.0001% 2705.9999% 2611.0001%

[551 rows x 28 columns]
0.342
0.1984
0.5335
0.4284
0.4564
3.2849
0.875
0.4019
0.4357
0.7802
0.4803
1.0926
-0.1533
0.9286
1.0319
0.6211
0.4182
0.1402
0.2791
1.1477
0.9227
0.4118
0.4118
0.2902
0.2768
0.2839
0.0646
0.2745
['ALEX', 'STAR', 'APTS', 'OLP', 'DBRG']
Traceback (most recent call last):
  File "/home/simonlesflex/PythonProjects/REITStrategy/REITStrategy.py", line 78, in <module>
    TargetEQW = PortfolioOptimizeMV(TargetEQ, G_RISKMODEL)
  File "/home/simonlesflex/PythonProjects/REITStrategy/PortfolioOptimize.py", line 92, in PortfolioOptimizeMV
    display(Y.head())
NameError: name 'display' is not defined
['VICI', 'WPC', 'STOR', 'SRC', 'PSB', 'PSB-PX', 'PSB-PY', 'SRC-PA', 'DBRG', 'BNL', 'EPRT', 'SAFE', 'AAT', 'ESRT', 'UE', 'APTS', 'GNL-PA', 'GNL', 'ALEX', 'STAR', 'AHH', 'BRSP', 'AHH-PA', 'RTL', 'STAR-PD', 'GOOD', 'STAR-PG', 'STAR-PI', 'GOODO', 'OLP', 'CTO', 'CORR-PA', 'MDV', 'RTLPO', 'RTLPP', 'GNL-PB', 'MDV-PA', 'DBRG-PH', 'DBRG-PJ', 'PSB-PZ', 'GOODN', 'CTO-PA', 'DBRG-PI']
1008
1259
1259
1259
1259
1084
1028
1073
1259
326
890
1141
1259
1259
1259
1259
1088
1259
1259
1259
1259
987
646
871
1259
1259
1259
1259
135
1259
1259
1259
1259
263
702
531
74
1259
1083
551
572
129
1160
                 VICI        WPC       STOR  ...    DBRG-PJ     PSB-PZ    DBRG-PI
2019-10-25 2366.0000% 9173.9998% 3888.9999%  ... 2390.0000% 2518.0000% 2385.0000%
2019-10-28 2377.0000% 9130.0003% 3909.9998%  ... 2390.0000% 2507.0000% 2396.9999%
2019-10-29 2374.0000% 9159.9998% 3929.0001%  ... 2395.9999% 2495.9999% 2396.9999%
2019-10-30 2399.0000% 9218.0000% 3993.0000%  ... 2399.0000% 2500.0000% 2403.0001%
2019-10-31 2354.9999% 9205.9998% 4050.0000%  ... 2378.0001% 2490.0000% 2379.9999%
...               ...        ...        ...  ...        ...        ...        ...
2021-12-27 2928.0001% 8198.0003% 3477.9999%  ... 2607.0000% 2657.5001% 2569.0001%
2021-12-28 2923.0000% 8248.9998% 3461.0001%  ... 2616.0000% 2660.0000% 2575.0000%
2021-12-29 2945.0001% 8305.0003% 3482.0000%  ... 2620.0001% 2670.9999% 2578.0001%
2021-12-30 2994.0001% 8198.9998% 3466.9998%  ... 2629.9999% 2668.7401% 2581.5001%
2021-12-31 3011.0001% 8205.0003% 3440.0002%  ... 2636.0001% 2705.9999% 2611.0001%

[551 rows x 28 columns]
0.342
0.1984
0.5335
0.4284
0.4564
3.2849
0.875
0.4019
0.4357
0.4803
0.7802
1.0926
-0.1533
0.9286
1.0319
0.6211
0.4182
0.1402
0.2791
1.1477
0.9227
0.4118
0.4118
0.2902
0.2768
0.2839
0.0646
0.2745
['ALEX', 'STAR', 'APTS', 'OLP', 'DBRG']
Traceback (most recent call last):
  File "/home/simonlesflex/PythonProjects/REITStrategy/REITStrategy.py", line 78, in <module>
    TargetEQW = PortfolioOptimizeMV(TargetEQ, G_RISKMODEL)
  File "/home/simonlesflex/PythonProjects/REITStrategy/PortfolioOptimize.py", line 92, in PortfolioOptimizeMV
    display(Y.head())
NameError: name 'display' is not defined
['VICI', 'WPC', 'STOR', 'PSB', 'SRC', 'PSB-PX', 'PSB-PY', 'SRC-PA', 'BNL', 'EPRT', 'AAT', 'SAFE', 'ESRT', 'UE', 'APTS', 'GNL', 'GNL-PA', 'ALEX', 'STAR', 'AHH', 'AHH-PA', 'BRSP', 'RTL', 'STAR-PD', 'STAR-PG', 'GOOD', 'STAR-PI', 'GOODO', 'OLP', 'CTO', 'CORR-PA', 'MDV', 'RTLPP', 'RTLPO', 'GNL-PB', 'MDV-PA', 'DBRG-PH', 'PSB-PZ', 'GOODN', 'DBRG-PJ', 'DBRG-PI', 'CTO-PA']
1008
1259
1259
1259
1259
1084
1028
1073
326
890
1259
1141
1259
1259
1259
1259
1088
1259
1259
1259
646
987
871
1259
1259
1259
1259
135
1259
1259
1259
1259
702
263
531
74
1259
551
572
1083
1160
129
                 VICI        WPC       STOR  ...     PSB-PZ    DBRG-PJ    DBRG-PI
2019-10-25 2366.0000% 9173.9998% 3888.9999%  ... 2518.0000% 2390.0000% 2385.0000%
2019-10-28 2377.0000% 9130.0003% 3909.9998%  ... 2507.0000% 2390.0000% 2396.9999%
2019-10-29 2374.0000% 9159.9998% 3929.0001%  ... 2495.9999% 2395.9999% 2396.9999%
2019-10-30 2399.0000% 9218.0000% 3993.0000%  ... 2500.0000% 2399.0000% 2403.0001%
2019-10-31 2354.9999% 9205.9998% 4050.0000%  ... 2490.0000% 2378.0001% 2379.9999%
...               ...        ...        ...  ...        ...        ...        ...
2021-12-27 2928.0001% 8198.0003% 3477.9999%  ... 2657.5001% 2607.0000% 2569.0001%
2021-12-28 2923.0000% 8248.9998% 3461.0001%  ... 2660.0000% 2616.0000% 2575.0000%
2021-12-29 2945.0001% 8305.0003% 3482.0000%  ... 2670.9999% 2620.0001% 2578.0001%
2021-12-30 2994.0001% 8198.9998% 3466.9998%  ... 2668.7401% 2629.9999% 2581.5001%
2021-12-31 3011.0001% 8205.0003% 3440.0002%  ... 2705.9999% 2636.0001% 2611.0001%

[551 rows x 27 columns]
0.342
0.1984
0.5335
0.4564
0.4284
0.875
0.4357
0.4019
0.4803
0.7802
1.0926
-0.1533
0.9286
1.0319
0.6211
0.4182
0.1402
0.2791
1.1477
0.9227
0.4118
0.4118
0.2902
0.2768
0.0646
0.2839
0.2745
['CTO', 'ALEX', 'STAR', 'APTS', 'OLP']
Traceback (most recent call last):
  File "/home/simonlesflex/PythonProjects/REITStrategy/REITStrategy.py", line 78, in <module>
    TargetEQW = PortfolioOptimizeMV(TargetEQ, G_RISKMODEL)
  File "/home/simonlesflex/PythonProjects/REITStrategy/PortfolioOptimize.py", line 92, in PortfolioOptimizeMV
    display(Y.head())
NameError: name 'display' is not defined
['VICI', 'WPC', 'STOR', 'PSB', 'SRC', 'PSB-PX', 'PSB-PY', 'SRC-PA', 'BNL', 'EPRT', 'AAT', 'SAFE', 'ESRT', 'UE', 'APTS', 'GNL-PA', 'GNL', 'ALEX', 'STAR', 'AHH', 'AHH-PA', 'BRSP', 'RTL', 'STAR-PG', 'STAR-PD', 'STAR-PI', 'GOOD', 'GOODO', 'OLP', 'CORR-PA', 'CTO', 'MDV', 'GNL-PB', 'RTLPP', 'RTLPO', 'MDV-PA', 'DBRG-PH', 'PSB-PZ', 'GOODN', 'DBRG-PJ', 'DBRG-PI', 'CTO-PA']
1008
1259
1259
1259
1259
1084
1028
1073
326
890
1259
1141
1259
1259
1259
1088
1259
1259
1259
1259
646
987
871
1259
1259
1259
1259
135
1259
1259
1259
1259
531
702
263
74
1259
551
572
1083
1160
129
                 VICI        WPC       STOR  ...     PSB-PZ    DBRG-PJ    DBRG-PI
2019-10-25 2366.0000% 9173.9998% 3888.9999%  ... 2518.0000% 2390.0000% 2385.0000%
2019-10-28 2377.0000% 9130.0003% 3909.9998%  ... 2507.0000% 2390.0000% 2396.9999%
2019-10-29 2374.0000% 9159.9998% 3929.0001%  ... 2495.9999% 2395.9999% 2396.9999%
2019-10-30 2399.0000% 9218.0000% 3993.0000%  ... 2500.0000% 2399.0000% 2403.0001%
2019-10-31 2354.9999% 9205.9998% 4050.0000%  ... 2490.0000% 2378.0001% 2379.9999%
...               ...        ...        ...  ...        ...        ...        ...
2021-12-27 2928.0001% 8198.0003% 3477.9999%  ... 2657.5001% 2607.0000% 2569.0001%
2021-12-28 2923.0000% 8248.9998% 3461.0001%  ... 2660.0000% 2616.0000% 2575.0000%
2021-12-29 2945.0001% 8305.0003% 3482.0000%  ... 2670.9999% 2620.0001% 2578.0001%
2021-12-30 2994.0001% 8198.9998% 3466.9998%  ... 2668.7401% 2629.9999% 2581.5001%
2021-12-31 3011.0001% 8205.0003% 3440.0002%  ... 2705.9999% 2636.0001% 2611.0001%

[551 rows x 27 columns]
0.342
0.1984
0.5335
0.4564
0.4284
0.875
0.4357
0.4019
0.4803
0.7802
1.0926
-0.1533
0.9286
1.0319
0.6211
0.4182
0.1402
0.2791
1.1477
0.4118
0.9227
0.9227
0.2902
0.2768
0.0646
0.2839
0.2745
['MDV', 'ALEX', 'STAR', 'APTS', 'OLP']
Traceback (most recent call last):
  File "/home/simonlesflex/PythonProjects/REITStrategy/REITStrategy.py", line 78, in <module>
    TargetEQW = PortfolioOptimizeMV(TargetEQ, G_RISKMODEL)
  File "/home/simonlesflex/PythonProjects/REITStrategy/PortfolioOptimize.py", line 92, in PortfolioOptimizeMV
    display(Y.head())
NameError: name 'display' is not defined
['VICI', 'WPC', 'STOR', 'PSB', 'SRC', 'PSB-PX', 'PSB-PY', 'SRC-PA', 'BNL', 'EPRT', 'AAT', 'SAFE', 'ESRT', 'UE', 'APTS', 'GNL-PA', 'GNL', 'ALEX', 'STAR', 'AHH', 'AHH-PA', 'BRSP', 'RTL', 'STAR-PD', 'STAR-PG', 'STAR-PI', 'GOOD', 'GOODO', 'OLP', 'CORR-PA', 'CTO', 'MDV', 'GNL-PB', 'RTLPP', 'RTLPO', 'DBRG-PH', 'MDV-PA', 'DBRG-PJ', 'GOODN', 'PSB-PZ', 'CTO-PA', 'DBRG-PI']
1008
1259
1259
1259
1259
1084
1028
1073
326
890
1259
1141
1259
1259
1259
1088
1259
1259
1259
1259
646
987
871
1259
1259
1259
1259
135
1259
1259
1259
1259
531
702
263
1259
74
1083
572
551
129
1160
                 VICI        WPC       STOR  ...    DBRG-PJ     PSB-PZ    DBRG-PI
2019-10-25 2366.0000% 9173.9998% 3888.9999%  ... 2390.0000% 2518.0000% 2385.0000%
2019-10-28 2377.0000% 9130.0003% 3909.9998%  ... 2390.0000% 2507.0000% 2396.9999%
2019-10-29 2374.0000% 9159.9998% 3929.0001%  ... 2395.9999% 2495.9999% 2396.9999%
2019-10-30 2399.0000% 9218.0000% 3993.0000%  ... 2399.0000% 2500.0000% 2403.0001%
2019-10-31 2354.9999% 9205.9998% 4050.0000%  ... 2378.0001% 2490.0000% 2379.9999%
...               ...        ...        ...  ...        ...        ...        ...
2021-12-27 2928.0001% 8198.0003% 3477.9999%  ... 2607.0000% 2657.5001% 2569.0001%
2021-12-28 2923.0000% 8248.9998% 3461.0001%  ... 2616.0000% 2660.0000% 2575.0000%
2021-12-29 2945.0001% 8305.0003% 3482.0000%  ... 2620.0001% 2670.9999% 2578.0001%
2021-12-30 2994.0001% 8198.9998% 3466.9998%  ... 2629.9999% 2668.7401% 2581.5001%
2021-12-31 3011.0001% 8205.0003% 3440.0002%  ... 2636.0001% 2705.9999% 2611.0001%

[551 rows x 27 columns]
0.342
0.1984
0.5335
0.4564
0.4284
0.875
0.4357
0.4019
0.4803
0.7802
1.0926
-0.1533
0.9286
1.0319
0.6211
0.4182
0.1402
0.2791
1.1477
0.4118
0.9227
0.9227
0.2902
0.2768
0.2839
0.0646
0.2745
['MDV', 'ALEX', 'STAR', 'APTS', 'OLP']
Traceback (most recent call last):
  File "/home/simonlesflex/PythonProjects/REITStrategy/REITStrategy.py", line 78, in <module>
    TargetEQW = PortfolioOptimizeMV(TargetEQ, G_RISKMODEL)
  File "/home/simonlesflex/PythonProjects/REITStrategy/PortfolioOptimize.py", line 92, in PortfolioOptimizeMV
    display(Y.head())
NameError: name 'display' is not defined
['VICI', 'WPC', 'STOR', 'PSB', 'SRC', 'PSB-PX', 'PSB-PY', 'SRC-PA', 'BNL', 'EPRT', 'AAT', 'SAFE', 'ESRT', 'UE', 'APTS', 'GNL-PA', 'GNL', 'ALEX', 'STAR', 'AHH', 'AHH-PA', 'BRSP', 'RTL', 'STAR-PD', 'STAR-PG', 'STAR-PI', 'GOOD', 'GOODO', 'OLP', 'CORR-PA', 'CTO', 'MDV', 'GNL-PB', 'RTLPP', 'RTLPO', 'DBRG-PH', 'MDV-PA', 'GOODN', 'PSB-PZ', 'DBRG-PJ', 'DBRG-PI', 'CTO-PA']
1008
1259
1259
1259
1259
1084
1028
1073
326
890
1259
1141
1259
1259
1259
1088
1259
1259
1259
1259
646
987
871
1259
1259
1259
1259
135
1259
1259
1259
1259
531
702
263
1259
74
572
551
1083
1160
129
                 VICI        WPC       STOR  ...     PSB-PZ    DBRG-PJ    DBRG-PI
2019-10-25 2366.0000% 9173.9998% 3888.9999%  ... 2518.0000% 2390.0000% 2385.0000%
2019-10-28 2377.0000% 9130.0003% 3909.9998%  ... 2507.0000% 2390.0000% 2396.9999%
2019-10-29 2374.0000% 9159.9998% 3929.0001%  ... 2495.9999% 2395.9999% 2396.9999%
2019-10-30 2399.0000% 9218.0000% 3993.0000%  ... 2500.0000% 2399.0000% 2403.0001%
2019-10-31 2354.9999% 9205.9998% 4050.0000%  ... 2490.0000% 2378.0001% 2379.9999%
...               ...        ...        ...  ...        ...        ...        ...
2021-12-27 2928.0001% 8198.0003% 3477.9999%  ... 2657.5001% 2607.0000% 2569.0001%
2021-12-28 2923.0000% 8248.9998% 3461.0001%  ... 2660.0000% 2616.0000% 2575.0000%
2021-12-29 2945.0001% 8305.0003% 3482.0000%  ... 2670.9999% 2620.0001% 2578.0001%
2021-12-30 2994.0001% 8198.9998% 3466.9998%  ... 2668.7401% 2629.9999% 2581.5001%
2021-12-31 3011.0001% 8205.0003% 3440.0002%  ... 2705.9999% 2636.0001% 2611.0001%

[551 rows x 27 columns]
0.342
0.1984
0.5335
0.4564
0.4284
0.875
0.4357
0.4019
0.4803
0.7802
1.0926
-0.1533
0.9286
1.0319
0.6211
0.4182
0.1402
0.2791
1.1477
0.4118
0.9227
0.9227
0.2902
0.2768
0.0646
0.2839
0.2745
['MDV', 'ALEX', 'STAR', 'APTS', 'OLP']
Traceback (most recent call last):
  File "/home/simonlesflex/PythonProjects/REITStrategy/REITStrategy.py", line 78, in <module>
    TargetEQW = PortfolioOptimizeMV(TargetEQ, G_RISKMODEL)
  File "/home/simonlesflex/PythonProjects/REITStrategy/PortfolioOptimize.py", line 92, in PortfolioOptimizeMV
    display(Y.head())
NameError: name 'display' is not defined
['VICI', 'WPC', 'STOR', 'PSB', 'SRC', 'PSB-PX', 'PSB-PY', 'SRC-PA', 'BNL', 'EPRT', 'AAT', 'SAFE', 'ESRT', 'UE', 'APTS', 'GNL-PA', 'GNL', 'ALEX', 'STAR', 'AHH', 'AHH-PA', 'BRSP', 'RTL', 'STAR-PD', 'STAR-PG', 'STAR-PI', 'GOOD', 'GOODO', 'OLP', 'CORR-PA', 'CTO', 'MDV', 'RTLPP', 'RTLPO', 'GNL-PB', 'DBRG-PH', 'MDV-PA', 'GOODN', 'PSB-PZ', 'DBRG-PJ', 'CTO-PA', 'DBRG-PI']
1008
1259
1259
1259
1259
1084
1028
1073
326
890
1259
1141
1259
1259
1259
1088
1259
1259
1259
1259
646
987
871
1259
1259
1259
1259
135
1259
1259
1259
1259
702
263
531
1259
74
572
551
1083
129
1160
                 VICI        WPC       STOR  ...     PSB-PZ    DBRG-PJ    DBRG-PI
2019-10-25 2366.0000% 9173.9998% 3888.9999%  ... 2518.0000% 2390.0000% 2385.0000%
2019-10-28 2377.0000% 9130.0003% 3909.9998%  ... 2507.0000% 2390.0000% 2396.9999%
2019-10-29 2374.0000% 9159.9998% 3929.0001%  ... 2495.9999% 2395.9999% 2396.9999%
2019-10-30 2399.0000% 9218.0000% 3993.0000%  ... 2500.0000% 2399.0000% 2403.0001%
2019-10-31 2354.9999% 9205.9998% 4050.0000%  ... 2490.0000% 2378.0001% 2379.9999%
...               ...        ...        ...  ...        ...        ...        ...
2021-12-27 2928.0001% 8198.0003% 3477.9999%  ... 2657.5001% 2607.0000% 2569.0001%
2021-12-28 2923.0000% 8248.9998% 3461.0001%  ... 2660.0000% 2616.0000% 2575.0000%
2021-12-29 2945.0001% 8305.0003% 3482.0000%  ... 2670.9999% 2620.0001% 2578.0001%
2021-12-30 2994.0001% 8198.9998% 3466.9998%  ... 2668.7401% 2629.9999% 2581.5001%
2021-12-31 3011.0001% 8205.0003% 3440.0002%  ... 2705.9999% 2636.0001% 2611.0001%

[551 rows x 27 columns]
0.342
0.1984
0.5335
0.4564
0.4284
0.875
0.4357
0.4019
0.4803
0.7802
1.0926
-0.1533
0.9286
1.0319
0.6211
0.4182
0.1402
0.2791
1.1477
0.4118
0.9227
0.9227
0.2902
0.2768
0.0646
0.2839
0.2745
['MDV', 'ALEX', 'STAR', 'APTS', 'OLP']
Traceback (most recent call last):
  File "/home/simonlesflex/PythonProjects/REITStrategy/REITStrategy.py", line 78, in <module>
    TargetEQW = PortfolioOptimizeMV(TargetEQ, G_RISKMODEL)
  File "/home/simonlesflex/PythonProjects/REITStrategy/PortfolioOptimize.py", line 92, in PortfolioOptimizeMV
    display(Y.head())
NameError: name 'display' is not defined
['VICI', 'WPC', 'STOR', 'PSB', 'SRC', 'PSB-PX', 'PSB-PY', 'SRC-PA', 'BNL', 'EPRT', 'AAT', 'SAFE', 'ESRT', 'UE', 'APTS', 'GNL-PA', 'GNL', 'ALEX', 'STAR', 'AHH', 'AHH-PA', 'BRSP', 'RTL', 'STAR-PG', 'STAR-PD', 'STAR-PI', 'GOOD', 'GOODO', 'OLP', 'CORR-PA', 'CTO', 'MDV', 'RTLPP', 'RTLPO', 'GNL-PB', 'DBRG-PH', 'MDV-PA', 'DBRG-PJ', 'GOODN', 'PSB-PZ', 'DBRG-PI', 'CTO-PA']
1008
1259
1259
1259
1259
1084
1028
1073
326
890
1259
1141
1259
1259
1259
1088
1259
1259
1259
1259
646
987
871
1259
1259
1259
1259
135
1259
1259
1259
1259
702
263
531
1259
74
1083
572
551
1160
129
                 VICI        WPC       STOR  ...    DBRG-PJ     PSB-PZ    DBRG-PI
2019-10-25 2366.0000% 9173.9998% 3888.9999%  ... 2390.0000% 2518.0000% 2385.0000%
2019-10-28 2377.0000% 9130.0003% 3909.9998%  ... 2390.0000% 2507.0000% 2396.9999%
2019-10-29 2374.0000% 9159.9998% 3929.0001%  ... 2395.9999% 2495.9999% 2396.9999%
2019-10-30 2399.0000% 9218.0000% 3993.0000%  ... 2399.0000% 2500.0000% 2403.0001%
2019-10-31 2354.9999% 9205.9998% 4050.0000%  ... 2378.0001% 2490.0000% 2379.9999%
...               ...        ...        ...  ...        ...        ...        ...
2021-12-27 2928.0001% 8198.0003% 3477.9999%  ... 2607.0000% 2657.5001% 2569.0001%
2021-12-28 2923.0000% 8248.9998% 3461.0001%  ... 2616.0000% 2660.0000% 2575.0000%
2021-12-29 2945.0001% 8305.0003% 3482.0000%  ... 2620.0001% 2670.9999% 2578.0001%
2021-12-30 2994.0001% 8198.9998% 3466.9998%  ... 2629.9999% 2668.7401% 2581.5001%
2021-12-31 3011.0001% 8205.0003% 3440.0002%  ... 2636.0001% 2705.9999% 2611.0001%

[551 rows x 27 columns]
0.342
0.1984
0.5335
0.4564
0.4284
0.875
0.4357
0.4019
0.4803
0.7802
1.0926
-0.1533
0.9286
1.0319
0.6211
0.4182
0.1402
0.2791
1.1477
0.4118
0.9227
0.9227
0.2902
0.2768
0.2839
0.0646
0.2745
['MDV', 'ALEX', 'STAR', 'APTS', 'OLP']
Traceback (most recent call last):
  File "/home/simonlesflex/PythonProjects/REITStrategy/REITStrategy.py", line 78, in <module>
    TargetEQW = PortfolioOptimizeMV(TargetEQ, G_RISKMODEL)
  File "/home/simonlesflex/PythonProjects/REITStrategy/PortfolioOptimize.py", line 92, in PortfolioOptimizeMV
    display(Y.head())
NameError: name 'display' is not defined
['VICI', 'WPC', 'STOR', 'PSB', 'SRC', 'PSB-PX', 'PSB-PY', 'SRC-PA', 'BNL', 'EPRT', 'AAT', 'SAFE', 'ESRT', 'UE', 'APTS', 'GNL-PA', 'GNL', 'ALEX', 'STAR', 'AHH', 'AHH-PA', 'BRSP', 'RTL', 'STAR-PD', 'STAR-PG', 'STAR-PI', 'GOOD', 'GOODO', 'OLP', 'CORR-PA', 'CTO', 'MDV', 'RTLPP', 'RTLPO', 'GNL-PB', 'DBRG-PH', 'MDV-PA', 'DBRG-PJ', 'PSB-PZ', 'GOODN', 'DBRG-PI', 'CTO-PA']
1008
1259
1259
1259
1259
1084
1028
1073
326
890
1259
1141
1259
1259
1259
1088
1259
1259
1259
1259
646
987
871
1259
1259
1259
1259
135
1259
1259
1259
1259
702
263
531
1259
74
1083
551
572
1160
129
                 VICI        WPC       STOR  ...    DBRG-PJ     PSB-PZ    DBRG-PI
2019-10-25 2366.0000% 9173.9998% 3888.9999%  ... 2390.0000% 2518.0000% 2385.0000%
2019-10-28 2377.0000% 9130.0003% 3909.9998%  ... 2390.0000% 2507.0000% 2396.9999%
2019-10-29 2374.0000% 9159.9998% 3929.0001%  ... 2395.9999% 2495.9999% 2396.9999%
2019-10-30 2399.0000% 9218.0000% 3993.0000%  ... 2399.0000% 2500.0000% 2403.0001%
2019-10-31 2354.9999% 9205.9998% 4050.0000%  ... 2378.0001% 2490.0000% 2379.9999%
...               ...        ...        ...  ...        ...        ...        ...
2021-12-27 2928.0001% 8198.0003% 3477.9999%  ... 2607.0000% 2657.5001% 2569.0001%
2021-12-28 2923.0000% 8248.9998% 3461.0001%  ... 2616.0000% 2660.0000% 2575.0000%
2021-12-29 2945.0001% 8305.0003% 3482.0000%  ... 2620.0001% 2670.9999% 2578.0001%
2021-12-30 2994.0001% 8198.9998% 3466.9998%  ... 2629.9999% 2668.7401% 2581.5001%
2021-12-31 3011.0001% 8205.0003% 3440.0002%  ... 2636.0001% 2705.9999% 2611.0001%

[551 rows x 27 columns]
0.342
0.1984
0.5335
0.4564
0.4284
0.875
0.4357
0.4019
0.4803
0.7802
1.0926
-0.1533
0.9286
1.0319
0.6211
0.4182
0.1402
0.2791
1.1477
0.4118
0.9227
0.9227
0.2902
0.2768
0.2839
0.0646
0.2745
['MDV', 'ALEX', 'STAR', 'APTS', 'OLP']
Traceback (most recent call last):
  File "/home/simonlesflex/PythonProjects/REITStrategy/REITStrategy.py", line 78, in <module>
    TargetEQW = PortfolioOptimizeMV(TargetEQ, G_RISKMODEL)
  File "/home/simonlesflex/PythonProjects/REITStrategy/PortfolioOptimize.py", line 92, in PortfolioOptimizeMV
    display(Y.head())
NameError: name 'display' is not defined
['VICI', 'WPC', 'STOR', 'PSB', 'SRC', 'PSB-PX', 'PSB-PY', 'SRC-PA', 'BNL', 'DBRG', 'EPRT', 'AAT', 'SAFE', 'ESRT', 'UE', 'APTS', 'GNL-PA', 'GNL', 'ALEX', 'STAR', 'AHH', 'BRSP', 'AHH-PA', 'RTL', 'STAR-PD', 'STAR-PG', 'STAR-PI', 'GOOD', 'GOODO', 'OLP', 'CORR-PA', 'CTO', 'MDV', 'RTLPP', 'GNL-PB', 'RTLPO', 'MDV-PA', 'DBRG-PH', 'DBRG-PJ', 'PSB-PZ', 'GOODN', 'DBRG-PI', 'CTO-PA']
1008
1259
1259
1259
1259
1084
1028
1073
326
1259
890
1259
1141
1259
1259
1259
1088
1259
1259
1259
1259
987
646
871
1259
1259
1259
1259
135
1259
1259
1259
1259
702
531
263
74
1259
1083
551
572
1160
129
                 VICI        WPC       STOR  ...    DBRG-PJ     PSB-PZ    DBRG-PI
2019-10-25 2366.0000% 9173.9998% 3888.9999%  ... 2390.0000% 2518.0000% 2385.0000%
2019-10-28 2377.0000% 9130.0003% 3909.9998%  ... 2390.0000% 2507.0000% 2396.9999%
2019-10-29 2374.0000% 9159.9998% 3929.0001%  ... 2395.9999% 2495.9999% 2396.9999%
2019-10-30 2399.0000% 9218.0000% 3993.0000%  ... 2399.0000% 2500.0000% 2403.0001%
2019-10-31 2354.9999% 9205.9998% 4050.0000%  ... 2378.0001% 2490.0000% 2379.9999%
...               ...        ...        ...  ...        ...        ...        ...
2021-12-27 2928.0001% 8198.0003% 3477.9999%  ... 2607.0000% 2657.5001% 2569.0001%
2021-12-28 2923.0000% 8248.9998% 3461.0001%  ... 2616.0000% 2660.0000% 2575.0000%
2021-12-29 2945.0001% 8305.0003% 3482.0000%  ... 2620.0001% 2670.9999% 2578.0001%
2021-12-30 2994.0001% 8198.9998% 3466.9998%  ... 2629.9999% 2668.7401% 2581.5001%
2021-12-31 3011.0001% 8205.0003% 3440.0002%  ... 2636.0001% 2705.9999% 2611.0001%

[551 rows x 28 columns]
0.342
0.1984
0.5335
0.4564
0.4284
3.2849
0.875
0.4357
0.4019
0.4803
0.7802
1.0926
-0.1533
0.9286
1.0319
0.6211
0.4182
0.1402
0.2791
1.1477
0.4118
0.9227
0.9227
0.2902
0.2768
0.2839
0.0646
0.2745
['ALEX', 'STAR', 'APTS', 'OLP', 'DBRG']
Traceback (most recent call last):
  File "/home/simonlesflex/PythonProjects/REITStrategy/REITStrategy.py", line 78, in <module>
    TargetEQW = PortfolioOptimizeMV(TargetEQ, G_RISKMODEL)
  File "/home/simonlesflex/PythonProjects/REITStrategy/PortfolioOptimize.py", line 92, in PortfolioOptimizeMV
    display(Y.head())
NameError: name 'display' is not defined
['VICI', 'WPC', 'STOR', 'SRC', 'PSB', 'PSB-PX', 'PSB-PY', 'SRC-PA', 'BNL', 'DBRG', 'EPRT', 'AAT', 'SAFE', 'ESRT', 'UE', 'APTS', 'GNL', 'GNL-PA', 'ALEX', 'AHH', 'STAR', 'BRSP', 'AHH-PA', 'RTL', 'STAR-PD', 'STAR-PG', 'STAR-PI', 'GOOD', 'GOODO', 'OLP', 'CORR-PA', 'CTO', 'MDV', 'GNL-PB', 'RTLPP', 'RTLPO', 'MDV-PA', 'DBRG-PH', 'DBRG-PJ', 'GOODN', 'PSB-PZ', 'DBRG-PI', 'CTO-PA']
1008
1259
1259
1259
1259
1084
1028
1073
326
1259
890
1259
1141
1259
1259
1259
1259
1088
1259
1259
1259
987
646
871
1259
1259
1259
1259
135
1259
1259
1259
1259
531
702
263
74
1259
1083
572
551
1160
129
                 VICI        WPC       STOR  ...    DBRG-PJ     PSB-PZ    DBRG-PI
2019-10-25 2366.0000% 9173.9998% 3888.9999%  ... 2390.0000% 2518.0000% 2385.0000%
2019-10-28 2377.0000% 9130.0003% 3909.9998%  ... 2390.0000% 2507.0000% 2396.9999%
2019-10-29 2374.0000% 9159.9998% 3929.0001%  ... 2395.9999% 2495.9999% 2396.9999%
2019-10-30 2399.0000% 9218.0000% 3993.0000%  ... 2399.0000% 2500.0000% 2403.0001%
2019-10-31 2354.9999% 9205.9998% 4050.0000%  ... 2378.0001% 2490.0000% 2379.9999%
...               ...        ...        ...  ...        ...        ...        ...
2021-12-27 2928.0001% 8198.0003% 3477.9999%  ... 2607.0000% 2657.5001% 2569.0001%
2021-12-28 2923.0000% 8248.9998% 3461.0001%  ... 2616.0000% 2660.0000% 2575.0000%
2021-12-29 2945.0001% 8305.0003% 3482.0000%  ... 2620.0001% 2670.9999% 2578.0001%
2021-12-30 2994.0001% 8198.9998% 3466.9998%  ... 2629.9999% 2668.7401% 2581.5001%
2021-12-31 3011.0001% 8205.0003% 3440.0002%  ... 2636.0001% 2705.9999% 2611.0001%

[551 rows x 28 columns]
0.342
0.1984
0.5335
0.4284
0.4564
3.2849
0.875
0.4357
0.4019
0.4803
0.7802
1.0926
-0.1533
0.9286
0.6211
1.0319
0.4182
0.1402
0.2791
1.1477
0.4118
0.9227
0.9227
0.2902
0.2768
0.2839
0.0646
0.2745
['ALEX', 'STAR', 'APTS', 'OLP', 'DBRG']
Traceback (most recent call last):
  File "/home/simonlesflex/PythonProjects/REITStrategy/REITStrategy.py", line 78, in <module>
    TargetEQW = PortfolioOptimizeMV(TargetEQ, G_RISKMODEL)
  File "/home/simonlesflex/PythonProjects/REITStrategy/PortfolioOptimize.py", line 92, in PortfolioOptimizeMV
    display(Y.head())
NameError: name 'display' is not defined
['VICI', 'WPC', 'STOR', 'SRC', 'PSB', 'PSB-PX', 'PSB-PY', 'SRC-PA', 'BNL', 'EPRT', 'AAT', 'SAFE', 'ESRT', 'UE', 'APTS', 'GNL-PA', 'GNL', 'ALEX', 'STAR', 'AHH', 'AHH-PA', 'BRSP', 'RTL', 'STAR-PD', 'STAR-PG', 'GOOD', 'STAR-PI', 'GOODO', 'OLP', 'CORR-PA', 'CTO', 'MDV', 'RTLPP', 'GNL-PB', 'RTLPO', 'MDV-PA', 'DBRG-PH', 'DBRG-PJ', 'PSB-PZ', 'GOODN', 'CTO-PA', 'DBRG-PI']
1008
1259
1259
1259
1259
1084
1028
1073
326
890
1259
1141
1259
1259
1259
1088
1259
1259
1259
1259
646
987
871
1259
1259
1259
1259
135
1259
1259
1259
1259
702
531
263
74
1259
1083
551
572
129
1160
                 VICI        WPC       STOR  ...    DBRG-PJ     PSB-PZ    DBRG-PI
2019-10-25 2366.0000% 9173.9998% 3888.9999%  ... 2390.0000% 2518.0000% 2385.0000%
2019-10-28 2377.0000% 9130.0003% 3909.9998%  ... 2390.0000% 2507.0000% 2396.9999%
2019-10-29 2374.0000% 9159.9998% 3929.0001%  ... 2395.9999% 2495.9999% 2396.9999%
2019-10-30 2399.0000% 9218.0000% 3993.0000%  ... 2399.0000% 2500.0000% 2403.0001%
2019-10-31 2354.9999% 9205.9998% 4050.0000%  ... 2378.0001% 2490.0000% 2379.9999%
...               ...        ...        ...  ...        ...        ...        ...
2021-12-27 2928.0001% 8198.0003% 3477.9999%  ... 2607.0000% 2657.5001% 2569.0001%
2021-12-28 2923.0000% 8248.9998% 3461.0001%  ... 2616.0000% 2660.0000% 2575.0000%
2021-12-29 2945.0001% 8305.0003% 3482.0000%  ... 2620.0001% 2670.9999% 2578.0001%
2021-12-30 2994.0001% 8198.9998% 3466.9998%  ... 2629.9999% 2668.7401% 2581.5001%
2021-12-31 3011.0001% 8205.0003% 3440.0002%  ... 2636.0001% 2705.9999% 2611.0001%

[551 rows x 27 columns]
0.342
0.1984
0.5335
0.4284
0.4564
0.875
0.4357
0.4019
0.4803
0.7802
1.0926
-0.1533
0.9286
1.0319
0.6211
0.4182
0.1402
0.2791
1.1477
0.4118
0.9227
0.9227
0.2902
0.2768
0.2839
0.0646
0.2745
['MDV', 'ALEX', 'STAR', 'APTS', 'OLP']
Traceback (most recent call last):
  File "/home/simonlesflex/PythonProjects/REITStrategy/REITStrategy.py", line 78, in <module>
    TargetEQW = PortfolioOptimizeMV(TargetEQ, G_RISKMODEL)
  File "/home/simonlesflex/PythonProjects/REITStrategy/PortfolioOptimize.py", line 92, in PortfolioOptimizeMV
    display(Y.head())
NameError: name 'display' is not defined
['VICI', 'WPC', 'STOR', 'PSB', 'SRC', 'PSB-PX', 'PSB-PY', 'SRC-PA', 'BNL', 'EPRT', 'AAT', 'SAFE', 'ESRT', 'UE', 'APTS', 'GNL-PA', 'GNL', 'ALEX', 'AHH', 'STAR', 'AHH-PA', 'BRSP', 'RTL', 'STAR-PD', 'STAR-PG', 'STAR-PI', 'GOOD', 'GOODO', 'OLP', 'CORR-PA', 'CTO', 'MDV', 'GNL-PB', 'RTLPO', 'RTLPP', 'DBRG-PH', 'MDV-PA', 'DBRG-PJ', 'GOODN', 'PSB-PZ', 'CTO-PA', 'DBRG-PI']
1008
1259
1259
1259
1259
1084
1028
1073
326
890
1259
1141
1259
1259
1259
1088
1259
1259
1259
1259
646
987
871
1259
1259
1259
1259
135
1259
1259
1259
1259
531
263
702
1259
74
1083
572
551
129
1160
                 VICI        WPC       STOR  ...    DBRG-PJ     PSB-PZ    DBRG-PI
2019-10-25 2366.0000% 9173.9998% 3888.9999%  ... 2390.0000% 2518.0000% 2385.0000%
2019-10-28 2377.0000% 9130.0003% 3909.9998%  ... 2390.0000% 2507.0000% 2396.9999%
2019-10-29 2374.0000% 9159.9998% 3929.0001%  ... 2395.9999% 2495.9999% 2396.9999%
2019-10-30 2399.0000% 9218.0000% 3993.0000%  ... 2399.0000% 2500.0000% 2403.0001%
2019-10-31 2354.9999% 9205.9998% 4050.0000%  ... 2378.0001% 2490.0000% 2379.9999%
...               ...        ...        ...  ...        ...        ...        ...
2021-12-27 2928.0001% 8198.0003% 3477.9999%  ... 2607.0000% 2657.5001% 2569.0001%
2021-12-28 2923.0000% 8248.9998% 3461.0001%  ... 2616.0000% 2660.0000% 2575.0000%
2021-12-29 2945.0001% 8305.0003% 3482.0000%  ... 2620.0001% 2670.9999% 2578.0001%
2021-12-30 2994.0001% 8198.9998% 3466.9998%  ... 2629.9999% 2668.7401% 2581.5001%
2021-12-31 3011.0001% 8205.0003% 3440.0002%  ... 2636.0001% 2705.9999% 2611.0001%

[551 rows x 27 columns]
0.342
0.1984
0.5335
0.4564
0.4284
0.875
0.4357
0.4019
0.4803
0.7802
1.0926
-0.1533
0.9286
0.6211
1.0319
0.4182
0.1402
0.2791
1.1477
0.4118
0.9227
0.9227
0.2902
0.2768
0.2839
0.0646
0.2745
['MDV', 'ALEX', 'STAR', 'APTS', 'OLP']
Traceback (most recent call last):
  File "/home/simonlesflex/PythonProjects/REITStrategy/REITStrategy.py", line 78, in <module>
    TargetEQW = PortfolioOptimizeMV(TargetEQ, G_RISKMODEL)
  File "/home/simonlesflex/PythonProjects/REITStrategy/PortfolioOptimize.py", line 92, in PortfolioOptimizeMV
    display(Y.head())
NameError: name 'display' is not defined
['VICI', 'WPC', 'STOR', 'PSB', 'SRC', 'PSB-PX', 'PSB-PY', 'SRC-PA', 'BNL', 'EPRT', 'AAT', 'SAFE', 'ESRT', 'UE', 'APTS', 'GNL-PA', 'GNL', 'ALEX', 'STAR', 'AHH', 'AHH-PA', 'BRSP', 'RTL', 'STAR-PD', 'STAR-PG', 'GOOD', 'STAR-PI', 'GOODO', 'OLP', 'CORR-PA', 'MDV', 'CTO', 'GNL-PB', 'RTLPO', 'RTLPP', 'DBRG-PH', 'MDV-PA', 'DBRG-PJ', 'GOODN', 'PSB-PZ', 'CTO-PA', 'DBRG-PI']
1008
1259
1259
1259
1259
1084
1028
1073
326
890
1259
1141
1259
1259
1259
1088
1259
1259
1259
1259
646
987
871
1259
1259
1259
1259
135
1259
1259
1259
1259
531
263
702
1259
74
1083
572
551
129
1160
                 VICI        WPC       STOR  ...    DBRG-PJ     PSB-PZ    DBRG-PI
2019-10-25 2366.0000% 9173.9998% 3888.9999%  ... 2390.0000% 2518.0000% 2385.0000%
2019-10-28 2377.0000% 9130.0003% 3909.9998%  ... 2390.0000% 2507.0000% 2396.9999%
2019-10-29 2374.0000% 9159.9998% 3929.0001%  ... 2395.9999% 2495.9999% 2396.9999%
2019-10-30 2399.0000% 9218.0000% 3993.0000%  ... 2399.0000% 2500.0000% 2403.0001%
2019-10-31 2354.9999% 9205.9998% 4050.0000%  ... 2378.0001% 2490.0000% 2379.9999%
...               ...        ...        ...  ...        ...        ...        ...
2021-12-27 2928.0001% 8198.0003% 3477.9999%  ... 2607.0000% 2657.5001% 2569.0001%
2021-12-28 2923.0000% 8248.9998% 3461.0001%  ... 2616.0000% 2660.0000% 2575.0000%
2021-12-29 2945.0001% 8305.0003% 3482.0000%  ... 2620.0001% 2670.9999% 2578.0001%
2021-12-30 2994.0001% 8198.9998% 3466.9998%  ... 2629.9999% 2668.7401% 2581.5001%
2021-12-31 3011.0001% 8205.0003% 3440.0002%  ... 2636.0001% 2705.9999% 2611.0001%

[551 rows x 27 columns]
0.342
0.1984
0.5335
0.4564
0.4284
0.875
0.4357
0.4019
0.4803
0.7802
1.0926
-0.1533
0.9286
1.0319
0.6211
0.4182
0.1402
0.2791
1.1477
0.4118
0.4118
0.5769
0.2902
0.2768
0.2839
0.0646
0.2745
['EPRT', 'ALEX', 'STAR', 'APTS', 'OLP']
Traceback (most recent call last):
  File "/home/simonlesflex/PythonProjects/REITStrategy/REITStrategy.py", line 78, in <module>
    TargetEQW = PortfolioOptimizeMV(TargetEQ, G_RISKMODEL)
  File "/home/simonlesflex/PythonProjects/REITStrategy/PortfolioOptimize.py", line 92, in PortfolioOptimizeMV
    display(Y.head())
NameError: name 'display' is not defined
['VICI', 'WPC', 'STOR', 'SRC', 'PSB', 'PSB-PX', 'PSB-PY', 'SRC-PA', 'BNL', 'DBRG', 'EPRT', 'AAT', 'SAFE', 'ESRT', 'UE', 'GNL', 'GNL-PA', 'ALEX', 'STAR', 'AHH', 'AHH-PA', 'BRSP', 'RTL', 'STAR-PD', 'STAR-PG', 'STAR-PI', 'GOOD', 'GOODO', 'OLP', 'CORR-PA', 'MDV', 'CTO', 'RTLPP', 'RTLPO', 'GNL-PB', 'DBRG-PH', 'MDV-PA', 'DBRG-PJ', 'GOODN', 'PSB-PZ', 'CTO-PA', 'DBRG-PI']
1008
1259
1259
1259
1259
1084
1028
1073
326
1259
890
1259
1141
1259
1259
1259
1088
1259
1259
1259
646
987
871
1259
1259
1259
1259
135
1259
1259
1259
1259
702
263
531
1259
74
1083
572
551
129
1160
                 VICI        WPC       STOR  ...    DBRG-PJ     PSB-PZ    DBRG-PI
2019-10-25 2366.0000% 9173.9998% 3888.9999%  ... 2390.0000% 2518.0000% 2385.0000%
2019-10-28 2377.0000% 9130.0003% 3909.9998%  ... 2390.0000% 2507.0000% 2396.9999%
2019-10-29 2374.0000% 9159.9998% 3929.0001%  ... 2395.9999% 2495.9999% 2396.9999%
2019-10-30 2399.0000% 9218.0000% 3993.0000%  ... 2399.0000% 2500.0000% 2403.0001%
2019-10-31 2354.9999% 9205.9998% 4050.0000%  ... 2378.0001% 2490.0000% 2379.9999%
...               ...        ...        ...  ...        ...        ...        ...
2021-12-27 2928.0001% 8198.0003% 3477.9999%  ... 2607.0000% 2657.5001% 2569.0001%
2021-12-28 2923.0000% 8248.9998% 3461.0001%  ... 2616.0000% 2660.0000% 2575.0000%
2021-12-29 2945.0001% 8305.0003% 3482.0000%  ... 2620.0001% 2670.9999% 2578.0001%
2021-12-30 2994.0001% 8198.9998% 3466.9998%  ... 2629.9999% 2668.7401% 2581.5001%
2021-12-31 3011.0001% 8205.0003% 3440.0002%  ... 2636.0001% 2705.9999% 2611.0001%

[551 rows x 27 columns]
0.342
0.1984
0.5335
0.4284
0.4564
3.2849
0.875
0.4357
0.4019
0.4803
0.7802
-0.1533
0.9286
1.0319
0.6211
0.4182
0.1402
0.2791
1.1477
0.4118
0.4118
0.9227
0.2902
0.2768
0.2839
0.0646
0.2745
['CTO', 'ALEX', 'STAR', 'OLP', 'DBRG']
Traceback (most recent call last):
  File "/home/simonlesflex/PythonProjects/REITStrategy/REITStrategy.py", line 78, in <module>
    TargetEQW = PortfolioOptimizeMV(TargetEQ, G_RISKMODEL)
  File "/home/simonlesflex/PythonProjects/REITStrategy/PortfolioOptimize.py", line 92, in PortfolioOptimizeMV
    display(Y.head())
NameError: name 'display' is not defined
['VICI', 'WPC', 'STOR', 'SRC', 'PSB', 'PSB-PX', 'PSB-PY', 'SRC-PA', 'BNL', 'DBRG', 'EPRT', 'AAT', 'SAFE', 'ESRT', 'UE', 'GNL', 'GNL-PA', 'ALEX', 'STAR', 'AHH', 'AHH-PA', 'BRSP', 'RTL', 'STAR-PD', 'STAR-PG', 'STAR-PI', 'GOOD', 'GOODO', 'OLP', 'CORR-PA', 'MDV', 'CTO', 'RTLPP', 'GNL-PB', 'RTLPO', 'MDV-PA', 'DBRG-PH', 'DBRG-PJ', 'PSB-PZ', 'GOODN', 'CTO-PA', 'DBRG-PI']
1008
1259
1259
1259
1259
1084
1028
1073
326
1259
890
1259
1141
1259
1259
1259
1088
1259
1259
1259
646
987
871
1259
1259
1259
1259
135
1259
1259
1259
1259
702
531
263
74
1259
1083
551
572
129
1160
                 VICI        WPC       STOR  ...    DBRG-PJ     PSB-PZ    DBRG-PI
2019-10-25 2366.0000% 9173.9998% 3888.9999%  ... 2390.0000% 2518.0000% 2385.0000%
2019-10-28 2377.0000% 9130.0003% 3909.9998%  ... 2390.0000% 2507.0000% 2396.9999%
2019-10-29 2374.0000% 9159.9998% 3929.0001%  ... 2395.9999% 2495.9999% 2396.9999%
2019-10-30 2399.0000% 9218.0000% 3993.0000%  ... 2399.0000% 2500.0000% 2403.0001%
2019-10-31 2354.9999% 9205.9998% 4050.0000%  ... 2378.0001% 2490.0000% 2379.9999%
...               ...        ...        ...  ...        ...        ...        ...
2021-12-27 2928.0001% 8198.0003% 3477.9999%  ... 2607.0000% 2657.5001% 2569.0001%
2021-12-28 2923.0000% 8248.9998% 3461.0001%  ... 2616.0000% 2660.0000% 2575.0000%
2021-12-29 2945.0001% 8305.0003% 3482.0000%  ... 2620.0001% 2670.9999% 2578.0001%
2021-12-30 2994.0001% 8198.9998% 3466.9998%  ... 2629.9999% 2668.7401% 2581.5001%
2021-12-31 3011.0001% 8205.0003% 3440.0002%  ... 2636.0001% 2705.9999% 2611.0001%

[551 rows x 27 columns]
0.342
0.1984
0.5335
0.4284
0.4564
3.2849
0.875
0.4357
0.4019
0.4803
0.7802
-0.1533
0.9286
1.0319
0.6211
0.4182
0.1402
0.2791
1.1477
0.4118
0.4118
0.9227
0.2902
0.2768
0.2839
0.0646
0.2745
['CTO', 'ALEX', 'STAR', 'OLP', 'DBRG']
Traceback (most recent call last):
  File "/home/simonlesflex/PythonProjects/REITStrategy/REITStrategy.py", line 78, in <module>
    TargetEQW = PortfolioOptimizeMV(TargetEQ, G_RISKMODEL)
  File "/home/simonlesflex/PythonProjects/REITStrategy/PortfolioOptimize.py", line 92, in PortfolioOptimizeMV
    display(Y.head())
NameError: name 'display' is not defined
['VICI', 'WPC', 'STOR', 'SRC', 'PSB', 'PSB-PX', 'PSB-PY', 'SRC-PA', 'BNL', 'DBRG', 'EPRT', 'AAT', 'SAFE', 'ESRT', 'UE', 'GNL', 'GNL-PA', 'ALEX', 'STAR', 'AHH', 'AHH-PA', 'BRSP', 'RTL', 'STAR-PD', 'STAR-PG', 'STAR-PI', 'GOOD', 'GOODO', 'OLP', 'CORR-PA', 'MDV', 'CTO', 'GNL-PB', 'RTLPP', 'RTLPO', 'DBRG-PH', 'MDV-PA', 'DBRG-PJ', 'PSB-PZ', 'GOODN', 'DBRG-PI', 'CTO-PA']
1008
1259
1259
1259
1259
1084
1028
1073
326
1259
890
1259
1141
1259
1259
1259
1088
1259
1259
1259
646
987
871
1259
1259
1259
1259
135
1259
1259
1259
1259
531
702
263
1259
74
1083
551
572
1160
129
                 VICI        WPC       STOR  ...    DBRG-PJ     PSB-PZ    DBRG-PI
2019-10-25 2366.0000% 9173.9998% 3888.9999%  ... 2390.0000% 2518.0000% 2385.0000%
2019-10-28 2377.0000% 9130.0003% 3909.9998%  ... 2390.0000% 2507.0000% 2396.9999%
2019-10-29 2374.0000% 9159.9998% 3929.0001%  ... 2395.9999% 2495.9999% 2396.9999%
2019-10-30 2399.0000% 9218.0000% 3993.0000%  ... 2399.0000% 2500.0000% 2403.0001%
2019-10-31 2354.9999% 9205.9998% 4050.0000%  ... 2378.0001% 2490.0000% 2379.9999%
...               ...        ...        ...  ...        ...        ...        ...
2021-12-27 2928.0001% 8198.0003% 3477.9999%  ... 2607.0000% 2657.5001% 2569.0001%
2021-12-28 2923.0000% 8248.9998% 3461.0001%  ... 2616.0000% 2660.0000% 2575.0000%
2021-12-29 2945.0001% 8305.0003% 3482.0000%  ... 2620.0001% 2670.9999% 2578.0001%
2021-12-30 2994.0001% 8198.9998% 3466.9998%  ... 2629.9999% 2668.7401% 2581.5001%
2021-12-31 3011.0001% 8205.0003% 3440.0002%  ... 2636.0001% 2705.9999% 2611.0001%

[551 rows x 27 columns]
0.342
0.1984
0.5335
0.4284
0.4564
3.2849
0.875
0.4357
0.4019
0.4803
0.7802
-0.1533
0.9286
1.0319
0.6211
0.4182
0.1402
0.2791
1.1477
0.4118
0.4118
0.9227
0.2902
0.2768
0.2839
0.0646
0.2745
['CTO', 'ALEX', 'STAR', 'OLP', 'DBRG']
Traceback (most recent call last):
  File "/home/simonlesflex/PythonProjects/REITStrategy/REITStrategy.py", line 78, in <module>
    TargetEQW = PortfolioOptimizeMV(TargetEQ, G_RISKMODEL)
  File "/home/simonlesflex/PythonProjects/REITStrategy/PortfolioOptimize.py", line 92, in PortfolioOptimizeMV
    display(Y.head())
NameError: name 'display' is not defined
['VICI', 'WPC', 'STOR', 'SRC', 'PSB', 'PSB-PX', 'PSB-PY', 'SRC-PA', 'BNL', 'DBRG', 'EPRT', 'SAFE', 'AAT', 'ESRT', 'UE', 'GNL', 'GNL-PA', 'ALEX', 'STAR', 'AHH', 'AHH-PA', 'BRSP', 'RTL', 'STAR-PG', 'STAR-PD', 'GOOD', 'STAR-PI', 'GOODO', 'OLP', 'CTO', 'CORR-PA', 'MDV', 'RTLPO', 'RTLPP', 'GNL-PB', 'DBRG-PJ', 'MDV-PA', 'DBRG-PH', 'GOODN', 'PSB-PZ', 'CTO-PA', 'DBRG-PI']
1008
1259
1259
1259
1259
1084
1028
1073
326
1259
890
1141
1259
1259
1259
1259
1088
1259
1259
1259
646
987
871
1259
1259
1259
1259
135
1259
1259
1259
1259
263
702
531
1083
74
1259
572
551
129
1160
                 VICI        WPC       STOR  ...    DBRG-PH     PSB-PZ    DBRG-PI
2019-10-25 2366.0000% 9173.9998% 3888.9999%  ... 2398.0000% 2518.0000% 2385.0000%
2019-10-28 2377.0000% 9130.0003% 3909.9998%  ... 2404.9999% 2507.0000% 2396.9999%
2019-10-29 2374.0000% 9159.9998% 3929.0001%  ... 2403.5000% 2495.9999% 2396.9999%
2019-10-30 2399.0000% 9218.0000% 3993.0000%  ... 2413.8500% 2500.0000% 2403.0001%
2019-10-31 2354.9999% 9205.9998% 4050.0000%  ... 2388.9999% 2490.0000% 2379.9999%
...               ...        ...        ...  ...        ...        ...        ...
2021-12-27 2928.0001% 8198.0003% 3477.9999%  ... 2523.0000% 2657.5001% 2569.0001%
2021-12-28 2923.0000% 8248.9998% 3461.0001%  ... 2525.0000% 2660.0000% 2575.0000%
2021-12-29 2945.0001% 8305.0003% 3482.0000%  ... 2525.0000% 2670.9999% 2578.0001%
2021-12-30 2994.0001% 8198.9998% 3466.9998%  ... 2537.0001% 2668.7401% 2581.5001%
2021-12-31 3011.0001% 8205.0003% 3440.0002%  ... 2557.0000% 2705.9999% 2611.0001%

[551 rows x 27 columns]
0.342
0.1984
0.5335
0.4284
0.4564
3.2849
0.875
0.4019
0.4357
0.4803
0.7802
-0.1533
0.9286
1.0319
0.6211
0.4182
0.1402
0.2791
1.1477
0.9227
0.4118
0.4118
0.2902
0.2839
0.2768
0.0646
0.2745
['CTO', 'ALEX', 'STAR', 'OLP', 'DBRG']
Traceback (most recent call last):
  File "/home/simonlesflex/PythonProjects/REITStrategy/REITStrategy.py", line 78, in <module>
    TargetEQW = PortfolioOptimizeMV(TargetEQ, G_RISKMODEL)
  File "/home/simonlesflex/PythonProjects/REITStrategy/PortfolioOptimize.py", line 92, in PortfolioOptimizeMV
    display(Y.head())
NameError: name 'display' is not defined
['VICI', 'WPC', 'STOR', 'SRC', 'PSB', 'PSB-PX', 'PSB-PY', 'SRC-PA', 'BNL', 'DBRG', 'EPRT', 'SAFE', 'AAT', 'ESRT', 'UE', 'GNL-PA', 'GNL', 'ALEX', 'AHH', 'STAR', 'AHH-PA', 'RTL', 'BRSP', 'STAR-PG', 'STAR-PD', 'GOOD', 'STAR-PI', 'GOODO', 'OLP', 'CTO', 'CORR-PA', 'MDV', 'RTLPO', 'GNL-PB', 'RTLPP', 'DBRG-PJ', 'DBRG-PH', 'MDV-PA', 'PSB-PZ', 'GOODN', 'CTO-PA', 'DBRG-PI']
1008
1259
1259
1259
1259
1084
1028
1073
326
1259
890
1141
1259
1259
1259
1088
1259
1259
1259
1259
646
871
987
1259
1259
1259
1259
135
1259
1259
1259
1259
263
531
702
1083
1259
74
551
572
129
1160
                 VICI        WPC       STOR  ...    DBRG-PH     PSB-PZ    DBRG-PI
2019-10-25 2366.0000% 9173.9998% 3888.9999%  ... 2398.0000% 2518.0000% 2385.0000%
2019-10-28 2377.0000% 9130.0003% 3909.9998%  ... 2404.9999% 2507.0000% 2396.9999%
2019-10-29 2374.0000% 9159.9998% 3929.0001%  ... 2403.5000% 2495.9999% 2396.9999%
2019-10-30 2399.0000% 9218.0000% 3993.0000%  ... 2413.8500% 2500.0000% 2403.0001%
2019-10-31 2354.9999% 9205.9998% 4050.0000%  ... 2388.9999% 2490.0000% 2379.9999%
...               ...        ...        ...  ...        ...        ...        ...
2021-12-27 2928.0001% 8198.0003% 3477.9999%  ... 2523.0000% 2657.5001% 2569.0001%
2021-12-28 2923.0000% 8248.9998% 3461.0001%  ... 2525.0000% 2660.0000% 2575.0000%
2021-12-29 2945.0001% 8305.0003% 3482.0000%  ... 2525.0000% 2670.9999% 2578.0001%
2021-12-30 2994.0001% 8198.9998% 3466.9998%  ... 2537.0001% 2668.7401% 2581.5001%
2021-12-31 3011.0001% 8205.0003% 3440.0002%  ... 2557.0000% 2705.9999% 2611.0001%

[551 rows x 27 columns]
0.342
0.1984
0.5335
0.4284
0.4564
3.2849
0.875
0.4019
0.4357
0.4803
0.7802
-0.1533
0.9286
0.6211
1.0319
0.1402
0.4182
0.2791
1.1477
0.9227
0.4118
0.4118
0.2902
0.2839
0.2768
0.0646
0.2745
['CTO', 'ALEX', 'STAR', 'OLP', 'DBRG']
Traceback (most recent call last):
  File "/home/simonlesflex/PythonProjects/REITStrategy/REITStrategy.py", line 78, in <module>
    TargetEQW = PortfolioOptimizeMV(TargetEQ, G_RISKMODEL)
  File "/home/simonlesflex/PythonProjects/REITStrategy/PortfolioOptimize.py", line 92, in PortfolioOptimizeMV
    display(Y.head())
NameError: name 'display' is not defined
['VICI', 'WPC', 'STOR', 'SRC', 'PSB', 'PSB-PX', 'PSB-PY', 'SRC-PA', 'BNL', 'DBRG', 'EPRT', 'SAFE', 'AAT', 'ESRT', 'UE', 'GNL-PA', 'GNL', 'ALEX', 'STAR', 'AHH', 'AHH-PA', 'BRSP', 'RTL', 'STAR-PD', 'STAR-PG', 'GOOD', 'STAR-PI', 'GOODO', 'OLP', 'CTO', 'CORR-PA', 'MDV', 'GNL-PB', 'RTLPO', 'RTLPP', 'DBRG-PJ', 'MDV-PA', 'DBRG-PH', 'GOODN', 'PSB-PZ', 'CTO-PA', 'DBRG-PI']
1008
1259
1259
1259
1259
1084
1028
1073
326
1259
890
1141
1259
1259
1259
1088
1259
1259
1259
1259
646
987
871
1259
1259
1259
1259
135
1259
1259
1259
1259
531
263
702
1083
74
1259
572
551
129
1160
                 VICI        WPC       STOR  ...    DBRG-PH     PSB-PZ    DBRG-PI
2019-10-25 2366.0000% 9173.9998% 3888.9999%  ... 2398.0000% 2518.0000% 2385.0000%
2019-10-28 2377.0000% 9130.0003% 3909.9998%  ... 2404.9999% 2507.0000% 2396.9999%
2019-10-29 2374.0000% 9159.9998% 3929.0001%  ... 2403.5000% 2495.9999% 2396.9999%
2019-10-30 2399.0000% 9218.0000% 3993.0000%  ... 2413.8500% 2500.0000% 2403.0001%
2019-10-31 2354.9999% 9205.9998% 4050.0000%  ... 2388.9999% 2490.0000% 2379.9999%
...               ...        ...        ...  ...        ...        ...        ...
2021-12-27 2928.0001% 8198.0003% 3477.9999%  ... 2523.0000% 2657.5001% 2569.0001%
2021-12-28 2923.0000% 8248.9998% 3461.0001%  ... 2525.0000% 2660.0000% 2575.0000%
2021-12-29 2945.0001% 8305.0003% 3482.0000%  ... 2525.0000% 2670.9999% 2578.0001%
2021-12-30 2994.0001% 8198.9998% 3466.9998%  ... 2537.0001% 2668.7401% 2581.5001%
2021-12-31 3011.0001% 8205.0003% 3440.0002%  ... 2557.0000% 2705.9999% 2611.0001%

[551 rows x 27 columns]
0.342
0.1984
0.5335
0.4284
0.4564
3.2849
0.875
0.4019
0.4357
0.4803
0.7802
-0.1533
0.9286
1.0319
0.6211
0.4182
0.1402
0.2791
1.1477
0.9227
0.4118
0.4118
0.2902
0.2839
0.2768
0.0646
0.2745
['CTO', 'ALEX', 'STAR', 'OLP', 'DBRG']
Traceback (most recent call last):
  File "/home/simonlesflex/PythonProjects/REITStrategy/REITStrategy.py", line 78, in <module>
    TargetEQW = PortfolioOptimizeMV(TargetEQ, G_RISKMODEL)
  File "/home/simonlesflex/PythonProjects/REITStrategy/PortfolioOptimize.py", line 92, in PortfolioOptimizeMV
    display(Y.head())
NameError: name 'display' is not defined
['VICI', 'WPC', 'STOR', 'SRC', 'PSB', 'PSB-PY', 'PSB-PX', 'SRC-PA', 'BNL', 'EPRT', 'SAFE', 'AAT', 'ESRT', 'UE', 'GNL-PA', 'GNL', 'ALEX', 'STAR', 'AHH', 'AHH-PA', 'BRSP', 'RTL', 'STAR-PD', 'STAR-PG', 'STAR-PI', 'GOOD', 'GOODO', 'OLP', 'CTO', 'CORR-PA', 'MDV', 'RTLPO', 'RTLPP', 'GNL-PB', 'DBRG-PJ', 'GOODN', 'PSB-PZ', 'MDV-PA', 'DBRG-PH', 'DBRG-PI', 'CTO-PA']
1008
1259
1259
1259
1259
1028
1084
1073
326
890
1141
1259
1259
1259
1088
1259
1259
1259
1259
646
987
871
1259
1259
1259
1259
135
1259
1259
1259
1259
263
702
531
1083
572
551
74
1259
1160
129
                 VICI        WPC       STOR  ...     PSB-PZ    DBRG-PH    DBRG-PI
2019-10-25 2366.0000% 9173.9998% 3888.9999%  ... 2518.0000% 2398.0000% 2385.0000%
2019-10-28 2377.0000% 9130.0003% 3909.9998%  ... 2507.0000% 2404.9999% 2396.9999%
2019-10-29 2374.0000% 9159.9998% 3929.0001%  ... 2495.9999% 2403.5000% 2396.9999%
2019-10-30 2399.0000% 9218.0000% 3993.0000%  ... 2500.0000% 2413.8500% 2403.0001%
2019-10-31 2354.9999% 9205.9998% 4050.0000%  ... 2490.0000% 2388.9999% 2379.9999%
...               ...        ...        ...  ...        ...        ...        ...
2021-12-27 2928.0001% 8198.0003% 3477.9999%  ... 2657.5001% 2523.0000% 2569.0001%
2021-12-28 2923.0000% 8248.9998% 3461.0001%  ... 2660.0000% 2525.0000% 2575.0000%
2021-12-29 2945.0001% 8305.0003% 3482.0000%  ... 2670.9999% 2525.0000% 2578.0001%
2021-12-30 2994.0001% 8198.9998% 3466.9998%  ... 2668.7401% 2537.0001% 2581.5001%
2021-12-31 3011.0001% 8205.0003% 3440.0002%  ... 2705.9999% 2557.0000% 2611.0001%

[551 rows x 26 columns]
0.342
0.1984
0.5335
0.4284
0.4564
0.875
0.4019
0.4357
0.4803
0.7802
-0.1533
0.9286
1.0319
0.6211
0.4182
0.1402
0.2791
1.1477
0.9227
0.4118
0.4118
0.2902
0.2839
0.0646
0.2768
0.2745
['EPRT', 'CTO', 'ALEX', 'STAR', 'OLP']
Traceback (most recent call last):
  File "/home/simonlesflex/PythonProjects/REITStrategy/REITStrategy.py", line 78, in <module>
    TargetEQW = PortfolioOptimizeMV(TargetEQ, G_RISKMODEL)
  File "/home/simonlesflex/PythonProjects/REITStrategy/PortfolioOptimize.py", line 92, in PortfolioOptimizeMV
    display(Y.head())
NameError: name 'display' is not defined
